REAPCHAIN_ENV environment var not set, local will setWelcome to the Geth JavaScript console!

instance: Geth/v1.6.6-unstable-3c9d62b1/linux-amd64/go1.13.5
coinbase: 0xd6b080c02f40441232e5c97632dd5fbcc38bb5d1
at block: 30315 (Fri, 24 Apr 2020 09:44:42 KST)
 datadir: /data/ubuntu/int_geth/node1
 modules: PoDC:1.0 admin:1.0 debug:1.0 eth:1.0 miner:1.0 net:1.0 personal:1.0 rpc:1.0 txpool:1.0 web3:1.0

> 
true
> 
REAPCHAIN_ENV environment var not set, local will setWelcome to the Geth JavaScript console!

instance: Geth/v1.6.6-unstable-3c9d62b1/linux-amd64/go1.13.5
coinbase: 0xd6b080c02f40441232e5c97632dd5fbcc38bb5d1
at block: 30316 (Fri, 24 Apr 2020 09:44:44 KST)
 datadir: /data/ubuntu/int_geth/node2
 modules: PoDC:1.0 admin:1.0 debug:1.0 eth:1.0 miner:1.0 net:1.0 personal:1.0 rpc:1.0 txpool:1.0 web3:1.0

> 
true
> 
REAPCHAIN_ENV environment var not set, local will setWelcome to the Geth JavaScript console!

instance: Geth/v1.6.6-unstable-3c9d62b1/linux-amd64/go1.13.5
coinbase: 0xd6b080c02f40441232e5c97632dd5fbcc38bb5d1
at block: 30318 (Fri, 24 Apr 2020 09:44:48 KST)
 datadir: /data/ubuntu/int_geth/node3
 modules: PoDC:1.0 admin:1.0 debug:1.0 eth:1.0 miner:1.0 net:1.0 personal:1.0 rpc:1.0 txpool:1.0 web3:1.0

> 
true
> 
REAPCHAIN_ENV environment var not set, local will setWelcome to the Geth JavaScript console!

instance: Geth/v1.6.6-unstable-3c9d62b1/linux-amd64/go1.13.5
coinbase: 0xd6b080c02f40441232e5c97632dd5fbcc38bb5d1
at block: 30319 (Fri, 24 Apr 2020 09:44:50 KST)
 datadir: /data/ubuntu/int_geth/node4
 modules: PoDC:1.0 admin:1.0 debug:1.0 eth:1.0 miner:1.0 net:1.0 personal:1.0 rpc:1.0 txpool:1.0 web3:1.0

> 
true
> 
REAPCHAIN_ENV environment var not set, local will setWelcome to the Geth JavaScript console!

instance: Geth/v1.6.6-unstable-3c9d62b1/linux-amd64/go1.13.5
coinbase: 0xd6b080c02f40441232e5c97632dd5fbcc38bb5d1
at block: 30320 (Fri, 24 Apr 2020 09:44:52 KST)
 datadir: /data/ubuntu/int_geth/node5
 modules: PoDC:1.0 admin:1.0 debug:1.0 eth:1.0 miner:1.0 net:1.0 personal:1.0 rpc:1.0 txpool:1.0 web3:1.0

> 
true
> 
REAPCHAIN_ENV environment var not set, local will setWelcome to the Geth JavaScript console!

instance: Geth/v1.6.6-unstable-3c9d62b1/linux-amd64/go1.13.5
coinbase: 0xd6b080c02f40441232e5c97632dd5fbcc38bb5d1
at block: 30321 (Fri, 24 Apr 2020 09:44:54 KST)
 datadir: /data/ubuntu/int_geth/node6
 modules: PoDC:1.0 admin:1.0 debug:1.0 eth:1.0 miner:1.0 net:1.0 personal:1.0 rpc:1.0 txpool:1.0 web3:1.0

> 
true
> 
REAPCHAIN_ENV environment var not set, local will setWelcome to the Geth JavaScript console!

instance: Geth/v1.6.6-unstable-3c9d62b1/linux-amd64/go1.13.5
coinbase: 0xd6b080c02f40441232e5c97632dd5fbcc38bb5d1
at block: 30322 (Fri, 24 Apr 2020 09:44:56 KST)
 datadir: /data/ubuntu/int_geth/node7
 modules: PoDC:1.0 admin:1.0 debug:1.0 eth:1.0 miner:1.0 net:1.0 personal:1.0 rpc:1.0 txpool:1.0 web3:1.0

> 
true
> 
REAPCHAIN_ENV environment var not set, local will setWelcome to the Geth JavaScript console!

instance: Geth/v1.6.6-unstable-3c9d62b1/linux-amd64/go1.13.5
coinbase: 0xd6b080c02f40441232e5c97632dd5fbcc38bb5d1
at block: 30323 (Fri, 24 Apr 2020 09:44:58 KST)
 datadir: /data/ubuntu/int_geth/node8
 modules: PoDC:1.0 admin:1.0 debug:1.0 eth:1.0 miner:1.0 net:1.0 personal:1.0 rpc:1.0 txpool:1.0 web3:1.0

> 
true
> 
REAPCHAIN_ENV environment var not set, local will setWelcome to the Geth JavaScript console!

instance: Geth/v1.6.6-unstable-3c9d62b1/linux-amd64/go1.13.5
coinbase: 0xd6b080c02f40441232e5c97632dd5fbcc38bb5d1
at block: 30325 (Fri, 24 Apr 2020 09:45:02 KST)
 datadir: /data/ubuntu/int_geth/node9
 modules: PoDC:1.0 admin:1.0 debug:1.0 eth:1.0 miner:1.0 net:1.0 personal:1.0 rpc:1.0 txpool:1.0 web3:1.0

> 
true
> 
REAPCHAIN_ENV environment var not set, local will setWelcome to the Geth JavaScript console!

instance: Geth/v1.6.6-unstable-3c9d62b1/linux-amd64/go1.13.5
coinbase: 0xd6b080c02f40441232e5c97632dd5fbcc38bb5d1
at block: 30326 (Fri, 24 Apr 2020 09:45:04 KST)
 datadir: /data/ubuntu/int_geth/node10
 modules: PoDC:1.0 admin:1.0 debug:1.0 eth:1.0 miner:1.0 net:1.0 personal:1.0 rpc:1.0 txpool:1.0 web3:1.0

> 
true
> 
REAPCHAIN_ENV environment var not set, local will setWelcome to the Geth JavaScript console!

instance: Geth/v1.6.6-unstable-3c9d62b1/linux-amd64/go1.13.5
coinbase: 0xd6b080c02f40441232e5c97632dd5fbcc38bb5d1
at block: 30327 (Fri, 24 Apr 2020 09:45:06 KST)
 datadir: /data/ubuntu/int_geth/node11
 modules: PoDC:1.0 admin:1.0 debug:1.0 eth:1.0 miner:1.0 net:1.0 personal:1.0 rpc:1.0 txpool:1.0 web3:1.0

> 
true
> 
REAPCHAIN_ENV environment var not set, local will setWelcome to the Geth JavaScript console!

instance: Geth/v1.6.6-unstable-3c9d62b1/linux-amd64/go1.13.5
coinbase: 0xd6b080c02f40441232e5c97632dd5fbcc38bb5d1
at block: 30328 (Fri, 24 Apr 2020 09:45:08 KST)
 datadir: /data/ubuntu/int_geth/node12
 modules: PoDC:1.0 admin:1.0 debug:1.0 eth:1.0 miner:1.0 net:1.0 personal:1.0 rpc:1.0 txpool:1.0 web3:1.0

> 
true
> 
REAPCHAIN_ENV environment var not set, local will setWelcome to the Geth JavaScript console!

instance: Geth/v1.6.6-unstable-3c9d62b1/linux-amd64/go1.13.5
coinbase: 0xd6b080c02f40441232e5c97632dd5fbcc38bb5d1
at block: 30329 (Fri, 24 Apr 2020 09:45:10 KST)
 datadir: /data/ubuntu/int_geth/node13
 modules: PoDC:1.0 admin:1.0 debug:1.0 eth:1.0 miner:1.0 net:1.0 personal:1.0 rpc:1.0 txpool:1.0 web3:1.0

> 
true
> 
REAPCHAIN_ENV environment var not set, local will setWelcome to the Geth JavaScript console!

instance: Geth/v1.6.6-unstable-3c9d62b1/linux-amd64/go1.13.5
coinbase: 0xd6b080c02f40441232e5c97632dd5fbcc38bb5d1
at block: 30330 (Fri, 24 Apr 2020 09:45:12 KST)
 datadir: /data/ubuntu/int_geth/node14
 modules: PoDC:1.0 admin:1.0 debug:1.0 eth:1.0 miner:1.0 net:1.0 personal:1.0 rpc:1.0 txpool:1.0 web3:1.0

> 
true
> 
REAPCHAIN_ENV environment var not set, local will setWelcome to the Geth JavaScript console!

instance: Geth/v1.6.6-unstable-3c9d62b1/linux-amd64/go1.13.5
coinbase: 0xd6b080c02f40441232e5c97632dd5fbcc38bb5d1
at block: 30331 (Fri, 24 Apr 2020 09:45:14 KST)
 datadir: /data/ubuntu/int_geth/node15
 modules: PoDC:1.0 admin:1.0 debug:1.0 eth:1.0 miner:1.0 net:1.0 personal:1.0 rpc:1.0 txpool:1.0 web3:1.0

> 
true
> 
REAPCHAIN_ENV environment var not set, local will setWelcome to the Geth JavaScript console!

instance: Geth/v1.6.6-unstable-3c9d62b1/linux-amd64/go1.13.5
coinbase: 0xd6b080c02f40441232e5c97632dd5fbcc38bb5d1
at block: 30333 (Fri, 24 Apr 2020 09:45:18 KST)
 datadir: /data/ubuntu/int_geth/node16
 modules: PoDC:1.0 admin:1.0 debug:1.0 eth:1.0 miner:1.0 net:1.0 personal:1.0 rpc:1.0 txpool:1.0 web3:1.0

> 
true
> 
REAPCHAIN_ENV environment var not set, local will setWelcome to the Geth JavaScript console!

instance: Geth/v1.6.6-unstable-3c9d62b1/linux-amd64/go1.13.5
coinbase: 0xd6b080c02f40441232e5c97632dd5fbcc38bb5d1
at block: 30334 (Fri, 24 Apr 2020 09:45:20 KST)
 datadir: /data/ubuntu/int_geth/node17
 modules: PoDC:1.0 admin:1.0 debug:1.0 eth:1.0 miner:1.0 net:1.0 personal:1.0 rpc:1.0 txpool:1.0 web3:1.0

> 
true
> 
REAPCHAIN_ENV environment var not set, local will setWelcome to the Geth JavaScript console!

instance: Geth/v1.6.6-unstable-3c9d62b1/linux-amd64/go1.13.5
coinbase: 0xd6b080c02f40441232e5c97632dd5fbcc38bb5d1
at block: 30335 (Fri, 24 Apr 2020 09:45:22 KST)
 datadir: /data/ubuntu/int_geth/node18
 modules: PoDC:1.0 admin:1.0 debug:1.0 eth:1.0 miner:1.0 net:1.0 personal:1.0 rpc:1.0 txpool:1.0 web3:1.0

> 
true
> 
REAPCHAIN_ENV environment var not set, local will setWelcome to the Geth JavaScript console!

instance: Geth/v1.6.6-unstable-3c9d62b1/linux-amd64/go1.13.5
coinbase: 0xd6b080c02f40441232e5c97632dd5fbcc38bb5d1
at block: 30336 (Fri, 24 Apr 2020 09:45:24 KST)
 datadir: /data/ubuntu/int_geth/node19
 modules: PoDC:1.0 admin:1.0 debug:1.0 eth:1.0 miner:1.0 net:1.0 personal:1.0 rpc:1.0 txpool:1.0 web3:1.0

> 
true
> 
REAPCHAIN_ENV environment var not set, local will setWelcome to the Geth JavaScript console!

instance: Geth/v1.6.6-unstable-3c9d62b1/linux-amd64/go1.13.5
coinbase: 0xd6b080c02f40441232e5c97632dd5fbcc38bb5d1
at block: 30337 (Fri, 24 Apr 2020 09:45:26 KST)
 datadir: /data/ubuntu/int_geth/node20
 modules: PoDC:1.0 admin:1.0 debug:1.0 eth:1.0 miner:1.0 net:1.0 personal:1.0 rpc:1.0 txpool:1.0 web3:1.0

> 
true
> 
REAPCHAIN_ENV environment var not set, local will setWelcome to the Geth JavaScript console!

instance: Geth/v1.6.6-unstable-3c9d62b1/linux-amd64/go1.13.5
coinbase: 0xd6b080c02f40441232e5c97632dd5fbcc38bb5d1
at block: 30338 (Fri, 24 Apr 2020 09:45:28 KST)
 datadir: /data/ubuntu/int_geth/node21
 modules: PoDC:1.0 admin:1.0 debug:1.0 eth:1.0 miner:1.0 net:1.0 personal:1.0 rpc:1.0 txpool:1.0 web3:1.0

> 
true
> 
REAPCHAIN_ENV environment var not set, local will setWelcome to the Geth JavaScript console!

instance: Geth/v1.6.6-unstable-3c9d62b1/linux-amd64/go1.13.5
coinbase: 0xd6b080c02f40441232e5c97632dd5fbcc38bb5d1
at block: 30340 (Fri, 24 Apr 2020 09:45:32 KST)
 datadir: /data/ubuntu/int_geth/node22
 modules: PoDC:1.0 admin:1.0 debug:1.0 eth:1.0 miner:1.0 net:1.0 personal:1.0 rpc:1.0 txpool:1.0 web3:1.0

> 
true
> 
