===============================================================
REAPCHAIN_ENV environment var not set, local will setWelcome to the Geth JavaScript console!

instance: Geth/v1.6.6-unstable-3c9d62b1/linux-amd64/go1.13.5
coinbase: 0xd6b080c02f40441232e5c97632dd5fbcc38bb5d1
at block: 30343 (Fri, 24 Apr 2020 09:45:38 KST)
 datadir: /data/ubuntu/int_geth/node4
 modules: PoDC:1.0 admin:1.0 debug:1.0 eth:1.0 miner:1.0 net:1.0 personal:1.0 rpc:1.0 txpool:1.0 web3:1.0

> 
true
> 
REAPCHAIN_ENV environment var not set, local will setWelcome to the Geth JavaScript console!

instance: Geth/v1.6.6-unstable-3c9d62b1/linux-amd64/go1.13.5
coinbase: 0xd6b080c02f40441232e5c97632dd5fbcc38bb5d1
at block: 30345 (Fri, 24 Apr 2020 09:45:42 KST)
 datadir: /data/ubuntu/int_geth/node4
 modules: PoDC:1.0 admin:1.0 debug:1.0 eth:1.0 miner:1.0 net:1.0 personal:1.0 rpc:1.0 txpool:1.0 web3:1.0

> 
"0x691ceedcae3acb6dd5383879584d2baf26be24eb6cc72ce8048cbed90ab8876d"
> 
"0x74bf25fcdb3da18d8307c2f3d6f3a1490a8b0dfa3f9cd9e1e28b4c9184d44723"
> 
"0x1301eb579764cef3daa32cf93742d3109ced528a149cd1b2299313c35cb0ba1c"
> 
"0x6c1e505ff48367ad06684fb34361ea0d505da5dae9d880bd35faa5dca5bc66b2"
> 
"0x92b3b9e250260a528d7c660922a4ee9bc4ebda8aacd52f15d70f3becd97ca1ef"
> 
"0xa432cf0df26c92fc3682c8a9e54f2f91749910d6faacf995bb220b667e59d6a6"
> 
"0x62bb235ac5d1938aebd012f927c9b15190f91c4f310c1afddef59d23ff29feb2"
> 
"0x997e9037a574dfeca1d1fb696f65c65326550f16edaf017597988743012bc3a8"
> 
"0xf602c496c8130284e2879e1e6599d3a496ce932c8e336408394cd9f539414501"
> 
"0x07e998eb2d54bc35afff5939aeaf422459149b38063f85a3f2b67c56b39f22b2"
> 
"0xbb11251481d536eb0084da366b3c88e9c437808feb908e28358855dfb77d3e6c"
> 
"0xffc7634617a0a0dd8912aa2b44cb75843561925535368e101bfc7286debbfe80"
> 
"0xa315cfaee18c8a0ea4555a7afbd5b8f886342d40eb6bc81356cf0c0f08a0f5bf"
> 
"0x74571d95e23b6ad5c882de253d98c36d5bfb9d00e8afa5fd7260098cbf436df8"
> 
"0x68b239dae14f0ab968e2642e71589f7c3f9693947d000a1c86ef1ab18e5d308b"
> 
"0x2b65bd84bbb4fd69b7a27a58e9008925f515de57ee0683594826c7c0ee444b1a"
> 
"0x565cf307ad61c73cd5a34744d173d3b23260fcd3f5011d8a85e6456962c684e7"
> 
"0x7482cf44ef9e4f99a65fff5ea5770c507d8d26744805ee61733d2bfdcf2afac3"
> 
"0xe43d256738722dadb2a5a28a5dc14cb08bdd21656102c131703fb59d2c47e55a"
> 
"0x217953a47caf34465808f8ff3bfed178f47d42c68fddb3edaba93835dc2b37fa"
> 
"0x452a8fb51772c91cdc7239e98c0e2288423626ee17c2dbc1fe2db86194f3328b"
> 
"0xfdde7239d471c507a7450a123774706c0795a307c78fad8924d37d1a07c4895f"
> 
"0xb52a75ec3da28bf10d6f482789db5758165a5e7a3c6f3b125fe9b0b15b03aa01"
> 
"0x1e5dc8f1166ff788a6a230ac7447152e26d0279b8acd3c612bf05747272d43d7"
> 
"0x652d21da6bfae2b22fe56e094ab36f91cfcbbf9f3fd9fe526d28b33104a272a1"
> 
"0x71ac4cf233e6a0368d773ba88b2e0610a6c4c3d56670829b72876f452bc073bd"
> 
"0xf6827f760ec301357960a94d0be9a24bae0a50f6a2c30dec80bf41f67d877ea4"
> 
"0xecff520086411ed8af14f9a6cadbe5e11ea091e368383ce115dee3a0e6f5ea23"
> 
"0x41a128c4fbabee325205465a9c14486470bb9f3eec6fa544b8ac844c3e1f45b2"
> 
"0xada01d1681da8d47ffecf7a8c20425a1efd1d84072a978875a3a8b37fff2d57d"
> 
"0x29cf5f35c33215b0ee46b57e4a4e7756ac92b033c98a1c0a4ec64a1fd11e3641"
> 
"0x8ffb655f460d52bf71d777434a019d9421720d7d0ecc90594a7a11b0c8219874"
> 
"0x7a10f57ab25ace51b7b16b7ab153e781787b66f5cf4044ef77db9ebdb0ac9f73"
> 
"0x81fa6e92493eef003371804eb3bb47e0f9ca0ee0d31a97c117cb77c0b4afcf5d"
> 
"0xae3ef824996bf8c62d138ca40441f3a7c3e470e3f098aa2812f0dd8e372b0878"
> 
"0x1525b1a86083ab0113495df3dfd978eb91054589d6cef6051f64c983f2706dd6"
> 
"0xb33b6e0d0ed3b750a09f416fd1066ce1addeedbc4ed621c5e2878765663a79c2"
> 
"0xa72f8afe934d769fa3ca758c36ea1df3326314805bab4c6ef8c4ab369d6bd6a7"
> 
"0xf9fbfab4e190ab24e5c75bca87766c8cd2ad52f39bdf409ab9eb0cff22386b4d"
> 
"0xee1cadfb95642ade8270650220a1f35bb752d705a9d2e28e1fc421acf170b67b"
> 
"0x69a09d2edccb41ad8d3f21a63c6239705a788342046474c7ee1096c619cd5599"
> 
"0x9938b39f3f86b591e92e5feb37832b7374b98a24ff772ce89b1198de19ce79b9"
> 
"0x1584c47269df21d654397f3fdd681a79ea710a9f104a4205b35440d7483be5a0"
> 
"0x2af74af4aae97c0a89b4ee58e3bebe2641ff0e8873b67580b2dc3e0a65b35551"
> 
"0x45d7870fab1d455cffe1aa6d31c832903517a9212a9f91031398124509f24f8a"
> 
"0x2f21e9a27f149767958ee5dfb01e49d63a3d81edd79c2bd3b61c50a742a411ca"
> 
"0xea28a7453f184ebcb4dfa47463d6a93cabcba75ca55ee97432c91b4af0f05f2e"
> 
"0x79628a50a8b411858b1d4cebf5b4bf19b1181b793c4c796c516d3b0810b06128"
> 
"0x9f95b8228a24ccd8858db9a45643c45d5f122a546065a486fe63e977149d09f7"
> 
REAPCHAIN_ENV environment var not set, local will setWelcome to the Geth JavaScript console!

instance: Geth/v1.6.6-unstable-3c9d62b1/linux-amd64/go1.13.5
coinbase: 0xd6b080c02f40441232e5c97632dd5fbcc38bb5d1
at block: 30349 (Fri, 24 Apr 2020 09:45:48 KST)
 datadir: /data/ubuntu/int_geth/node4
 modules: PoDC:1.0 admin:1.0 debug:1.0 eth:1.0 miner:1.0 net:1.0 personal:1.0 rpc:1.0 txpool:1.0 web3:1.0

> 
"0x007cbb6b24b34ff2c4232940f13acb1da7d07abf46d28e4a8f19929e2ac53c5d"
> 
"0x0cb2593d13c1f077a7555d91024f6afb0657c99b712eb58901fbe7cbb8ca166e"
> 
"0xb53471c0a2c16898b0cc6a9cf0f4a784dac2254f69b354d07910aa222cb53558"
> 
"0x094ce9c8d2d254cc7ae27a72cba645a56de8ee7909da32dd6ff23d1dbc0ea39f"
> 
"0x820ab9d5a125d683b3632f038c2816dc8a2a9104ace0cb3c7261796fc94a6f36"
> 
"0x29cd550cd8d481a3062325578d99d8d3e2544c3462477ebdccc79d0738a6ece2"
> 
"0x588ee07b822b2811a7ef5a119db48689350d71cf90ee20ce1e7e454ae8edb530"
> 
"0xd79166087ae7852873da04a4b3fef07e68b0bc1f3a6ddc2ebbb2c85b8b91acc7"
> 
"0xa1b4405ba0c601111fbd9843ce6e75e35ffe3a77516418ebfafd20f52bc2ca4b"
> 
"0x8825f67cff48d96a4c47deb9f8b747d4bd16e593f13bc389843f3b00743a80d6"
> 
"0x857fea8dc1ed922b16e5d928a87300da8f2f3d3da82cd688fa0ed08bfe770520"
> 
"0x9ac7bc6fd6c40edc332e5f9ae16b06c972c92617c393ef9161ab54f921d9c0de"
> 
"0x54d11a4fc4b8edb23526ce79ec0fd1b1819fd62971b3a42706b83bc5137746b1"
> 
"0x325d83e900adb8b47c96e3ed66049e3fda124024371ce346e0fd71ab6842f339"
> 
"0x605f85e001b258f023db7aa5e414241b080c62336b23272ebd70318e7f7679d4"
> 
"0x562e4d29106c4429d34e9b16314097647a03177f04331b5c3b1f35b62fc05d28"
> 
"0x7f12e8cc5f72d32cb1fb258e23bd5d2c109c73566f03b21823dbcfab69012a7c"
> 
"0xe0b1396c64d5af3d9d455bd4e5f9912d2529eaa43f72f675c6cbd119ebcd5089"
> 
"0x9511111e1c1c5370163f65f0f1a55eeac7955cfefdd775dee20a541c751dc9f2"
> 
"0x64122b3edea387dce08ade182e86421b6a5d834c97bc15173aab4004e592b49a"
> 
"0xe7d04ec3f9a6d44fe3d25ca262a88973d95dd9c8d37d79606a6cee58860cf512"
> 
"0x87166331d763dc854467b3f047d038b2e14c78b9542658947969a4fe12dd5e24"
> 
"0x03678acb65963b463ec9b3e5bdcf7df28d513be25099c8f652de40442ea4d49b"
> 
"0x1b9b3b0ebb4eb532413b3b8dfb2b5037320a8d592d156c1670c0505ab8f81049"
> 
"0xbf7fc629b5a9ce70442b19b4b3e6b505051462b6d46b6e9e2c81bd770daccd62"
> 
"0xe925951ddb4bc87840c7f1585d0f5026f56ca9e68b22f18a5a0008994e65ef3b"
> 
"0xe532d50d1edc68f68d57cbee8471317ea6875a4b54626311dc9c50f3488d6825"
> 
"0x8180a4b9b5799876af9ab2d8375a23e286fb38f843bef6e875683be9e31651bc"
> 
"0xa151ca30eaae5200dcb2ab90ab9d7a4eb2325720e5610988078fa8d4b0986eac"
> 
"0x1335177ce52a173f78e34590e8df95caea53d424a51d9330a3a2e79ab72e4c6f"
> 
"0x23abbddad79f6eb7baa381ebe522e834ad3da9b145c3eb6a8e64e9f3043566b0"
> 
"0x324c9de05ddcc719f0f5196958fc85fb34c9f079cd076e3dd7fc5b6a618e32af"
> 
"0x680c6162b1505a636562d9d6d42170e55781fd90f2cd2ee15327a4c6f12428c6"
> 
"0x4709c53520bbcf876226746a752abe0a5f87a8d22ee998c7b576a17101c7119c"
> 
"0x359ff008d5354b41654e1dcf009972f635cf123115690e574cfe947fc8011255"
> 
"0xf59f13af75f1305fead070f26a7d7cd3cad6de254f8ae7ca5f4f0e1b1297732b"
> 
"0xf9bec2290a73408e8232658dd5871b1114b3362f050a5fea3da61e693e4f4dc2"
> 
"0xc715b3bcff0a95161590fae1cca4544f14daf8588f33c0ce5fd134e8fd148fa6"
> 
"0x52df123aa3daa14baf420072fe1d39f226808df522d296ec9ed31ab0d4617606"
> 
"0x7932267eb24902b0b2766f7bd1d9f728423d7f1215a0f847144b2d69cdc1466c"
> 
"0x89728b276ffc4aa974480dbe493ca82f1bb9d5ea1341448b8f3ac46ae498c7ad"
> 
"0x1db2156387a46b8e016d45a0add24dbb380cdb381f725d114fae7e5c52b60e85"
> 
"0x8887b47959245e234801f8c4abe628f2095bb3ab432248e3549e7fe60d012efe"
> 
"0x6ce66eaed397d166d44eb4e7015882a77d8b8831b515f5dd490df78a7e4eabbf"
> 
"0xa8e0e8a4010b76692491220d91a8f4883726ee63816ed45e2130cce183073f73"
> 
"0x256e142e0be53971f5b976554be22ab284c0a6ad88a93697489cfbf8b4cdbd6a"
> 
"0x5053e4c5f9e34c168f2c15b960167a45264b39c2f38ef0b75a603618e9d94260"
> 
"0xfec02f03e04aa074274a9dde01038848f871212140b7f552b760e3f46ce6fb36"
> 
"0x2923c1d69c2ce6ae494570415889b8a2833a297efb7b7ef6c08fb83ee95366d1"
> 
REAPCHAIN_ENV environment var not set, local will setWelcome to the Geth JavaScript console!

instance: Geth/v1.6.6-unstable-3c9d62b1/linux-amd64/go1.13.5
coinbase: 0xd6b080c02f40441232e5c97632dd5fbcc38bb5d1
at block: 30353 (Fri, 24 Apr 2020 09:45:55 KST)
 datadir: /data/ubuntu/int_geth/node4
 modules: PoDC:1.0 admin:1.0 debug:1.0 eth:1.0 miner:1.0 net:1.0 personal:1.0 rpc:1.0 txpool:1.0 web3:1.0

> 
"0xcddb0b04d0ceadba87e792c3c141b2f31851a687e1149774729d308be9b0b8e8"
> 
"0x272553e45f47987889b589a27a74e1ae7c0958afda027692831455f8d3530624"
> 
"0x56b2874366995608952411d2ded28711156b3a1d78f98b50870d3d88137b3abe"
> 
"0x123e4800436d163874b987cda1ddce4ae2729009ca37056e59a1d7bf25d7c2c8"
> 
"0x982333d04a400c359f7c0ead029aad23eb352f5eb9af50f64670fdcf69d3f428"
> 
"0xe1b91d3d2a8292950c89de787e5156d03530816463ce0c976cb5c5db735f0a7d"
> 
"0xa712834ae97c63bbb2698de086026e5efcec51ac53607f84b663884ff166e308"
> 
"0xa36336a80619948b3a9c4d334a9af87d6e71f26b36ed0cfdfc43a59d45fece98"
> 
"0x73daa0312c73d32ee0f77a1ac51c423e737f7b88f4413e3c92280abbe736ebec"
> 
"0xa8bb219ccf874f94b81c5ccd109d1359a358e7282d52dcb6a4619ea2fa0e6e93"
> 
"0x7cb275222806ce161e2ec9b6c0bb9a2dc2a0f289d506acd4c60be6a282e8d8c3"
> 
"0x024b5eea7bbb343be08162ad339adb50e2a9dbee81f9cf32b52cc79a7fd77ee9"
> 
"0x3a35939543180ccc6b5eb9c13960d874b59903686eb989e9ed5bdeed338603a0"
> 
"0x9995a24d44b9f0ec6e71f3bb761d7d4ea496a7e3f43a26ed8142dd8321dc344d"
> 
"0x9733617cfef789e40f41bf39ce8e1ca96cb01d694349ab1883b5ddd24d3b7db5"
> 
"0x9515acdf7bb5d9fdd35ef80c3b4e7203b53852a2e073c101924d1976ca83e9a1"
> 
"0x4881c1c7419c90f946f3cbb8fa3a24c045800a9cf1c296b8750fbd7cb71d8817"
> 
"0x53222db01ec85f1c0935902975b6506462e7667ffd8717493aa3e7648ce1dd92"
> 
"0x6e0694e2b4022678ef840358b560bce9a8455a6bc376c306f5103eda87aa677f"
> 
"0x7d46a1aa6b3afee7bd79465cee1bf0b135c5e3918a215479b761193e19e567f1"
> 
"0x7dcd297e3390b194629526564e04db8a62b68d49049121f054e9192622e02a1b"
> 
"0x11e9dd29b9b4bad08c6309af28b5bc097153129aa9b4d290cd5e5eda073301ea"
> 
"0x74e88b4fef768caaae870a24e63735a01af12350478443c9c074613dac347704"
> 
"0x282d6da7b6283f37e1bdba7e7946b66dca71242a35c9e11a32b29758b6ff9d19"
> 
"0x04f49b675c01b78e077a0c82763d8c73b08696240dac5d68b1c0a1cf31181043"
> 
"0x42516f2fc13eb22ab811482bbe67a6d331bd72d0864545039021530533d7adc7"
> 
"0xabd4848dccad9df9cdb790998e3301b575ad7b378e4ae1e543195b33695dd9ee"
> 
"0xd2c02519aff88f79514b5daf6c2d9514358bb4e6d4eb08d5c31e77ec21f420bb"
> 
"0x3476578ce4232a946af1632d10ddfe900c24521d888427002661df81f65457ee"
> 
"0x74f778528ebc964c56ed31795f41deacf127215ee5610fcc8a3d2f7b4384ace4"
> 
"0xaf202338d85341242b8ba5c1f67a98691090d6a81b68a2392d47ec8bb2f6d079"
> 
"0xad12055f9a9a34f035839edd98e423d3ef5401d98347d36a53117dd1c5f23d3b"
> 
"0x682588aa5cf85d4b184700543043ff51d38609798e115d71a2ae820fe6a3e23e"
> 
"0x44b2b02581625303e063da22a95d50f077d9a49c36e197f303676bd7e0bfa7b4"
> 
"0x3c9ef5d69ebcd9f4e23efcd82a2792cafb450e7cda8c4dc93d2ff07c7e43f152"
> 
"0x55a33a2818fcf48411273dda4df5bb20f25e9c62e9b01334aca08db71b2b349a"
> 
"0x673ddda87ef5ce2ccfbb3e42337e16079fe77e9cb9b5be1050f9b7d3e96efaad"
> 
"0xddd9894be438b63c20dda6eef49ff63963befc2fa6477888fbbe94ff4dbd8f37"
> 
"0xd7fe582baa7399a936badfcf6bff9d8e772cd304f2f2d325fb815467881c3551"
> 
"0x94efaf06382b21e7cb0e23b83e49d0779f9ba175fdb2e6b9c94bac29c596a7ab"
> 
"0xb587e79737c4fb06fbd35a7a78408b6ca654139d2fbfe5ef6fd0c09ef5c501fc"
> 
"0x933438e361934c24fb46ea2ce344b4bcc190234598c1f30109aaeedcad1d48df"
> 
"0x9cba50ba8d59eefb762a74b5f3124d6baba816de1c1ff6c5a1b2e112f63d7742"
> 
"0x73a1dfe43c9d8f2a17f9f56be946af33686d9613fbb7a6c3c825b45336939d18"
> 
"0x464da2a806766e2c34f308f00969cbb84fb21b7397d5bf90250bf50860cbdf2a"
> 
"0xe4f543bdde1ad2e9103fa05a807485c879d049b8b2c7f741eb0577c1b4c86ffc"
> 
"0xac3eab7fcccd546be4bfa013aeb361599094b83dbaca068b35692d98b3f6af36"
> 
"0x1fa46421d5ed13c339687f8a75369d6e71327053b6199e781cff5524bb6b87a8"
> 
"0xd1d263c3eeb22daef45b8185274d1a13ade0f7f05cdf68b1b205980d7593e62d"
> 
REAPCHAIN_ENV environment var not set, local will setWelcome to the Geth JavaScript console!

instance: Geth/v1.6.6-unstable-3c9d62b1/linux-amd64/go1.13.5
coinbase: 0xd6b080c02f40441232e5c97632dd5fbcc38bb5d1
at block: 30357 (Fri, 24 Apr 2020 09:46:01 KST)
 datadir: /data/ubuntu/int_geth/node4
 modules: PoDC:1.0 admin:1.0 debug:1.0 eth:1.0 miner:1.0 net:1.0 personal:1.0 rpc:1.0 txpool:1.0 web3:1.0

> 
"0xb7439bbd4f462c8acbb1eddcfe5b4e8a35ec3ffc56a7295bec115cdd9930a7c5"
> 
"0xf0f06ad7ca77833a9c8f08aea8915130a251e0ceb271bca049ae4d4440117bed"
> 
"0xa5f13723e300f75aa41c429f424cdfd6af59390d32b94f96628126a288224801"
> 
"0xed61f3387dc8bc922946d2bbf5906e8d4e1e9d2d90bde57b7d1c874cfb212c38"
> 
"0x2b26fa23fe0f64b016d5b1708dec11ab256fbf306d36e18e809bafeebb6337fc"
> 
"0x0e3847147649f29036d182cc42f30eb34d77e762cb92283068c41f1c887b5687"
> 
"0xd755601ba215db389116c54d7e80de6c950ac72f58618673e70b805a2341d01f"
> 
"0xa9ae795dee19d23bd115977ace90aedf601001269155bc8a961b272890fa237c"
> 
"0x77c07846225ee87e0bbd54934069ed98c8b4b3f3499e7146f436a2bfb45bfc54"
> 
"0x509fe26678087dab9756014ac59d8f1dfb35fc7eca829ec65ed3f5e48a9ad2b8"
> 
"0x8f62f2447ec184fc6aa8f2b14e7631a030db30831237280c85e2ac8be5519516"
> 
"0x8cdb153d9d5277b7190ff4135e52df864b3c5a15acd8954df548c7cc2b089f14"
> 
"0xb5c598aeec3ab2a99fb29f2b04832d988568f92a44e322c179b44767f0318d5d"
> 
"0x8c4c85d27c66d5a8fea808a970f0e9643e88ff16ba0db9eaa1adc6cf714813ef"
> 
"0xc007ba7358956d32ecad8ad84d180768db771a4c1a66143825a38c3298c0cf22"
> 
"0xeabe43766271c7e51497a7807f9f544f79fea9aa8508e590ca0d4bf40abfd013"
> 
"0x608f917b7f4f4777dfabe08ef3041025bd518bebdb707b3ed916455dbe950bde"
> 
"0xcee9542a0cb8ce8bdce0ae3403cad3418fb4e2479f37102783b409c39c33e465"
> 
"0xdd93754e315751d24e920bdd9004d5b468a22c4af2d57b23ebd52ad2174f98ab"
> 
"0x28a2903dd8bdfa030ef3d89e64687a2955e40d93e1520dcd822b4668144a1ecf"
> 
"0x386d085e1f895938f623bf0608daedcc66358daa1f132d446faabb3abc6fbee2"
> 
"0x86a9bbbfb5f5fd54b33441dd7c1b90c71e5ed9c9b1d9fd2d015c593cd04906fa"
> 
"0x60e57a410f46acb45c331d5988aab4be451f65b295a7b26a2d4ed1a132edb280"
> 
"0xf7af477839c8d3a9168df1183c291a6f28ba857a4b82ad5282773513de0f0ce2"
> 
"0x10954b5f388dc950749ae84f45361204714ee469a47dcfb281ea1b313de47c1a"
> 
"0xeb28f1b9e01fb0fd1529305a6a704eec2be02179be0f867b08f030791163229e"
> 
"0xff8816b3883326c3a1b77a61e42e79e57704f16433a47dda28a25d53c3e89eb7"
> 
"0xd742194ae705bf3fd887d0cac8faa464efa259e079f2db8d157803c13565cf65"
> 
"0xa36e4bae91cebe2862dcce6b51e2a3d3465be5da3feaef76c57cb00fcda64e3e"
> 
"0xec3bf9813bc78577566c28ea9bbbf3734745c96490ca56eb5ba89c26679d58a1"
> 
"0xc16100ac17888b7ff8a0f7aa107ae7b0891c82f679f94355f23250097f81d084"
> 
"0x28bc15f1d11420eb1841655a39b6f07200a8ffba55c96390c89fccbb26c18c23"
> 
"0x8d87a8a5afe71679cf8555ebe5808851eb0cd6d351f430cbed791d6b5f4cba19"
> 
"0x2f749fa569a82425c3f1b8c9bf3e00d727e4c4d1bc7b2417e37b35357612d15d"
> 
"0x44588c222fcf76c319141accb280de3b798c3a4de2291c61137d866bb7f4679f"
> 
"0x3ad3556a74961a0693705326db3e9a7460f6f82735fed50d5481b0a669b5f84a"
> 
"0x6fcccb793ed84561998ef4652ccb5f43f0351896373efb91990210e1ff82c21d"
> 
"0x4e8fb9d8f15b919a5f5cd9bad1f35a5c2f88e44f05c05c7c533b8461637facfc"
> 
"0xb4daa21edbb2cf9f49f73eef30f17da02de66d749478abd75476f787103b61a2"
> 
"0x692f397d676f6a30fc0518f25ab24e66cffde6a0ecfa031a2ef4c3dfaa34f1b0"
> 
"0x11fb3713a4e29bc054f34f1fad920621e1059adb9b500b0672bc6e318b264afd"
> 
"0xc7f523019de812378142c1e2c9a5b94a705da4f308f59de0b173516b1954438f"
> 
"0x8d4db0a26664d34e82b1cc9d65653d5de6ffc8512056f7996718a4f75b65b26b"
> 
"0x8976270e33655b758828ca270c9f4447d0cace826684c8d2e4858583dc0be2bd"
> 
"0x84a2f4aa3657d4c7e21c9213b357c543c39df096ed4ba58da590d566e1fead54"
> 
"0x7d6beb0156340d179445e05132489b189e4cb80a753848ab1ff46e3cce301310"
> 
"0x16a6701f321b8ab4f81ef4fb1a879a0954cf058f842e8c2876b78eb047be15cb"
> 
"0x4c55a30caec7d64cb0b4344500b372fd0685f5baaede304b582d617a673432d2"
> 
"0xe880215bbadd35ff487381eb9d61213ccf222c63215cfa497d19b38aeec3a580"
> 
REAPCHAIN_ENV environment var not set, local will setWelcome to the Geth JavaScript console!

instance: Geth/v1.6.6-unstable-3c9d62b1/linux-amd64/go1.13.5
coinbase: 0xd6b080c02f40441232e5c97632dd5fbcc38bb5d1
at block: 30361 (Fri, 24 Apr 2020 09:46:07 KST)
 datadir: /data/ubuntu/int_geth/node4
 modules: PoDC:1.0 admin:1.0 debug:1.0 eth:1.0 miner:1.0 net:1.0 personal:1.0 rpc:1.0 txpool:1.0 web3:1.0

> 
"0x3b7ed519653efffd36266885e4a399b74630a05cfc883a082941aabc249f55ac"
> 
"0xf1459367c2482b84e6ce41f63de471b1b679ba2dc04144b38b0225ead51dfe40"
> 
"0x50ca78cf0e061e3181ab01aed4248c76f2f69fadc38336a920de2955465e48ec"
> 
"0x082f0aab1a41f963dc306b64ff137269c32d6869faabb9f4b601958abd8f65d8"
> 
"0x3ee2c5d7e1ed22a64f5fc84a3c49d6a538853f578e67ff6be69929f720b4d600"
> 
"0x119c8f9116fcc9be9904f37830322eb79d80078e0361f72184b957259a3db7c6"
> 
"0x73842313e36bd35986fac49e3c712a050f0d6129b1b5ffba7a942b6509a4361a"
> 
"0x8fad9c81cd25c5b4cfbf40e0d19c5fc16fa22db797ea994269f19a3193ce8635"
> 
"0x61af7349107f7ebf981a2294b0d73bffc6c58344a70314800e9ae6372836f1c9"
> 
"0x080bca328cce233324096ede5bfd28278e4bc862814fecb6806bafb00814462e"
> 
"0x6bd1d7d1871dc1bcd2b081dd02c6bc4092d01f09cbc77cfc7fcc04bdfd4b7e37"
> 
"0xd41a4b9cbaed3f94773bec7689b0efbcd9dfbdbf6c05da0ba5be1b6112ec3143"
> 
"0x78be60ed9b10c9778f362dbb4575e16214e8451a55bf6f5ea19741cf1059a9fa"
> 
"0xc14d1081bad2c088249a0ab34ec964e5fb47961f789ac26d8546bf053690706d"
> 
"0xa9c5ad918296dcae9c04c3d13b1355ede1ed9fa7148c1ac4956395a34401f835"
> 
"0x73f8a13a375a417f4ba32913ca7f4583e8d38e2662f403a75bd912503b94ba7e"
> 
"0x03fd7c424fa36262f7ead96d05c25a5c9a41e96d36cc97304cf6269258bface9"
> 
"0x4cab7fd79a3728faea0d7a3c1d92414fbe49fa9f4aed78fa2d98ccce6c015732"
> 
"0x046eee464fb29a3d14165c36195eedf09c43ca3d8ed98e2a8568ffb7bd048ef0"
> 
"0x07903b585d8190cf25f9eb2a54e92562d923fee4a046cbe5a439bae3556a4c50"
> 
"0xe26e3cb2501c3eb1e44a18bec7bd24151ca3c689286f8918ccc26ffd8176f548"
> 
"0x7a3abe446e0c8e016850ba2c40647480a2c85f91ee7164cb50cd390190b517e0"
> 
"0x95f51593b2fecd1bad14a3ef8ee6f6e39665a58959d81a23b2cf4daac18ddbca"
> 
"0x6b6d7e65611c047ac0ad1dcd002af9303bc18e3cec2a05efffdde51fa1e6f0c9"
> 
"0xb827afec4bd78789f1312120e7bd10609176e787ceb33d416f50a0228f050e8c"
> 
"0x423a26ea4ae7286a1e9cd3add23d8edac3231be9849fa1ca9ae6b3f1ec31fbc5"
> 
"0xb0c63c6e82257f11ec2cb29f4b1ffe8c00641bc5c3116e4162976661ca49be04"
> 
"0x7d13ed50219748489161d2dfa8683d169fd114b29e120c92778acf7ef9e21b54"
> 
"0x1dd568df08d3db7ec01eaa617ea5b4ee7d3202b98c98901d7665666784eadfee"
> 
"0x6d64c9965fb7fedf206702216076c2d741bfc1caec002a0967d20d52e196e075"
> 
"0xd24fc610dd1d12e7c0e4de40c496177d0f355bca37262929769eeca55bd22531"
> 
"0xadd03e2664ef14467c792690bbcb9780687c2f917555bf3e60e6e8b9e1924b88"
> 
"0x330962cce8f6b0a8753271cc0288345ed114bcc7cc5bbb4be722fbfa097482e4"
> 
"0xe557d615e35008800f55b28b00668c1c203b1fa9219b09585934a52ea3aab5ab"
> 
"0x81a399801f921ff7cb6762c154732f1d4d80a72b14dab27aaf43079f72625cfb"
> 
"0x37e55f8acbf473ef747bd32aa8f33a7713850ff2b5bea1ae8b94e48323757738"
> 
"0x552626337f5acdcda7eade99858b7bf2acec9322c6745aa6b2393ab2a0f0bc8f"
> 
"0xdae2d3f4249c7f38479c61a43b08aeb21510eca800c414c83349ffac2f2dbcf2"
> 
"0x208546c79ba081fce259f4b4bb0c794e1fddf6518c36843a70e796e963fd981e"
> 
"0x6272bbf10333cfac48673e887f9dbbc18ba6a3c2f59b084a4ff84d2847b5eb8d"
> 
"0xb69daadedabb1b1dbe8d121f3cd8ad1fc93a60d388e5eb98629c8d3ade9a479d"
> 
"0xbe7a65107a2ff296f8504eff3fd7373ec5dd2722805f87129116d9ac57923548"
> 
"0xdfa704e868b67c29f93b0eb2f561817075d34ec53f2890239b655e3d931e47a4"
> 
"0x9923617ce23565026e15b05166fb37945e9d250084e2195927d31d88546a385b"
> 
"0x72d4ecae934586fbaa287c028de75e5df369218bcea1e0852dc651ca68bebc7d"
> 
"0x71eba23587803cec24048a341beb55e3496c3aa0ca20bca185daefba7df8709c"
> 
"0x09533cfc3938ff6b3654dfc0771de2d19c47c52cd58c2caecd6935af2c04703a"
> 
"0xe4bb6f4f0f485a38e98d5dcf7c28ea740c1977a4dc5c4c4729ef3537e55d6d25"
> 
"0xe89f84f084c0dac7bc9f9308aed79512623b1ffe31fae2a49f8a26476708e4f3"
> 
REAPCHAIN_ENV environment var not set, local will setWelcome to the Geth JavaScript console!

instance: Geth/v1.6.6-unstable-3c9d62b1/linux-amd64/go1.13.5
coinbase: 0xd6b080c02f40441232e5c97632dd5fbcc38bb5d1
at block: 30361 (Fri, 24 Apr 2020 09:46:07 KST)
 datadir: /data/ubuntu/int_geth/node4
 modules: PoDC:1.0 admin:1.0 debug:1.0 eth:1.0 miner:1.0 net:1.0 personal:1.0 rpc:1.0 txpool:1.0 web3:1.0

> 
"0x915e4b3da00b09f07093d289298cda12c8061477eea57d62a5bdc5c2a5749497"
> 
"0x1d656794081df1ba33feaa51badd8a9c69bf8c5b07ec02118dd99a052b611e5d"
> 
"0x704d44446567e2f926fa59c13abebf42621295668369ce4aa5a7f616e1f0831e"
> 
"0x51b459a86d5a38aa526134c5e0bc2d446dc359f3761d7d3ba5c62e72e786087d"
> 
"0x84a1450af78a38e82b753c3a120f178536722fa1ce63cdc1703b183255faeab9"
> 
"0x122916631ea577c4d3ae30c77c1a5232559c997168bea21809912e6120862916"
> 
"0x022c3a1acfa60a5e086093eda8997580ed66a42a7ed41207e0fa205523c354a4"
> 
"0x2aebca487cc49be6741161142f145a60118ed5db61cfdb627d40f21be9bf119e"
> 
"0xce4b1f8dab48fa40a9f5189a2442b6eb4b2ee771422287eea46693b1f3831814"
> 
"0xcfec2a49e4a8d8911303039e5ec975d3e33ce28bddf5fc117f9c43bf5976271c"
> 
"0xd05d80f67b50c31382792d2f601a6360232e5687db8bb8c304f101059259fe92"
> 
"0xfc60f10f82baf0f2f45eac6906552554eb3926dded2d58b6a12547d453f72fca"
> 
"0x511fa6f15ab2153f8eda83fdb4e5eac66f920983b77fcf4ac8d776aa9d08a84a"
> 
"0xfb1b981e55763afb30930b3fb2fcf36f506c99ae2bcb56615c34117bf2322e49"
> 
"0xd7f4b323bcea81e91eed5d5d2fc7a4dc4fd5dc678a74759d9e2d5619d1f4d732"
> 
"0xfc5c352f4d487baf1ab1b82817b048ea9ad1cf2d960e4ec0868da2b9405d6721"
> 
"0x888ab864c19581de5a228c4d2fa0ed6238c698068fcf6b98c872b829bd98deda"
> 
"0x426352d6762932b836b1fa412779dd95df407515b38c9ded1c46e9c4a3a131fb"
> 
"0x414a336b850d4668a94db9510a1db17e8a1f057daa1f0d3a6fe17bf5a71e47e4"
> 
"0xf6210696a106baa6ee3651011b143c9c874b5e0271f804ae86835361fdffce55"
> 
"0x5a3f9dea744796635658f29f2dabc06da0307dd48fffbedcfdb0a25e7694eb42"
> 
"0x86f24877a876b79bbad5a647037c2f24d17c257b72ba120b4042b305bb960396"
> 
"0xd410315998dc67b35d10dda0944f63f6982bb9a4e5c9bd6a23df86d745b98c37"
> 
"0xa4cc8baaf963be2ad51f0c12256f6b8403114039f3e66185c45dce1d6b95804c"
> 
"0x655fd0ff7dce29a54803c59e28ffae00472c9984cc3480bb38527775d351862a"
> 
"0xbcf355c6aef12fe530e8619ea0c67564b384c354bee6a712c8bae62b39045387"
> 
"0x5f9f612b7f740490e9bb0cb3b2dd565617c568ab8cce96615a795150da2788dd"
> 
"0x2224bbeb0a836231b6835a745960e4d345504998bb15954094872faa3eb92a75"
> 
"0xf9343ad61563abb9412cce8ed88d4828f55889eb0058aeaf191c1ca79a73d44c"
> 
"0x26b65c267b261e5d6c7be728ad82403b2ab208ee8af1bc3fbe94fccacb6b1716"
> 
"0x7b2afb12f5fa44a061ad19d79ebcc81939a1ce92721b89a3760a3a6adcc06d74"
> 
"0x7fef9a5cd1119f0de636648e078bed5c071a73030babebf0c53d952bc8c933ad"
> 
"0xfb3f3c761e78abe1f6b24b60cf8a8cc2e6e046ccf31d74960e5be5050f831155"
> 
"0x107b38935ee8e703101fb76331218e03743d9ec89a05b958ddc771da779813d8"
> 
"0x28dbb971fc5b92c9b5aa0e8ede98ec75279ef4361f701f757d47f523d8277b7a"
> 
"0x1b6293a6d803d4233e1c530d4ba19b647de4b00e311b94664971534ad18fa114"
> 
"0xca1691a53f36d3119d2ac9983b9a64cdcfc4ab90e2f23f0fa5741fcc5afb9bae"
> 
"0x2c06f7cec56b91e41ddaf9d5256da435a24a8d7e5706d57e0335424b36f5d6b9"
> 
"0x52969d91681310032204edf3eabef33dee5505267de37b3e4a9ed051bb8ed7fa"
> 
"0x66ef43f923f822f613d29dd174a00fcc2926097c9e00c7b82670aa498497a20d"
> 
"0x575b1dbdccbda459424e209c999bc5a06de2e635367ee618f0507f900f97330a"
> 
"0x6a5de8b082f2b899af8f3e2d0d389275cf27afa31cdd701ccab5c44b6f743428"
> 
"0x429cfee8ce807d312fff55d96e7acbc3e4bba17770a5f6242fe0358d46ec9206"
> 
"0x1b6a67a3d47ed2679cf8c29957cce8c5c39fe9bfe0f0c86c6e35a5078c3bc67f"
> 
"0x40c26318449f3ab09ff363c31f0a451daed99b5d335d5062fa8da02a48aa0d14"
> 
"0xb27406927ccdb84208974cb78c38bcc810fe06a7cd561147db0ffb283b195297"
> 
"0xceb0d37698bc90f882484f584f600514cf19d4aaf5cbf0c17b062aab283bc545"
> 
"0x71a1fc109faaf12fd004d600f727b563845fdd4e55c59ecf9adff3ff184199f9"
> 
"0x35876f000cb290e96810ea5c3e9840807d9780b239f835ebc9beb703276a62d3"
> 
REAPCHAIN_ENV environment var not set, local will setWelcome to the Geth JavaScript console!

instance: Geth/v1.6.6-unstable-3c9d62b1/linux-amd64/go1.13.5
coinbase: 0xd6b080c02f40441232e5c97632dd5fbcc38bb5d1
at block: 30363 (Fri, 24 Apr 2020 09:46:22 KST)
 datadir: /data/ubuntu/int_geth/node4
 modules: PoDC:1.0 admin:1.0 debug:1.0 eth:1.0 miner:1.0 net:1.0 personal:1.0 rpc:1.0 txpool:1.0 web3:1.0

> 
"0x8ab1ae267b7fee7e8bf0c53307271461359b04f2bf8becb1e0b1249e2d8e4832"
> 
"0x690fa5cabae326dc760000fa044019227ebe313f51351867d81b8e42a3fa088c"
> 
"0x2bc97d4bc87b40c30f88c971f78bf6a017839639dfbb006bdfdb48c776acb876"
> 
"0xd7e566611dd951cd658ca04c5533ff9d687351e14c8161dd72b4d835cd158e14"
> 
"0xc837937cce85fff64ec0a7103c84e0cc4a693b98bd1fb3569eb447a3eb641458"
> 
"0xd69980cb8c76b1462095afcf8cc8c34a69a1d026fe160bee5e80585382c11ce0"
> 
"0xf8409e2cb21799a16aff09840fc9ae80ad0bc8dcf9199be93b02adff8b630792"
> 
"0x469be87bf53cd009750f6e99276bbb75b8c4ac4e8d0f6aad91f983e9aec5b07b"
> 
"0xbe750fc908dfd1247ab6c97e1b7634f13589c13c42cd5fd0c766a9c1b0f2f9b3"
> 
"0x0ddbc632516e616e2f8a73ba267fe5d666a3730f17f58761668b5e59e18309fb"
> 
"0x6270fa3ad111ec7e86a0939ef47e969380581f877fda62fa788ee11f2aeab624"
> 
"0xd29fae26acc917c0e891933d231633b6872198a3a5dbba54a05398a0b4d2e36e"
> 
"0x64f10de3ca84b991dfa697b61c54a14302f710a1cfcfe78c87178d70794e165a"
> 
"0x7454c471edcc57db6e71f93931c69fb13c1a06501ff7e2780acd41be015a1fde"
> 
"0x725413fee76e40f6f7081a70a3eafb2bf9c3e9bcedf05d88dff9bd5483917d1f"
> 
"0x3ebed26fff511cef93aa6b4b7248255ed24b65d850b37d834e8e663207f54b7f"
> 
"0x61fcc4de302aafead2c6bc6bcced767dbeefbae064267246d0b18db53d87a22c"
> 
"0xdec032894ac2a58fc2a13ec9bb4c51aaee74b5c6689cd523b409af57abe59999"
> 
"0xd1ad3b9882a49dd364df4dc5bc100319a0797cddc9469132279468809b735f32"
> 
"0x9ec4781d3bf9cd2f9512a134935a3d5a56366e9e5b94450cd0f225c7ff64aeb9"
> 
"0xe02c08a438c1e3fb32ee91c0a07eddcf0f5a8c0b4dd962cd151c6966da004c99"
> 
"0x599e469e54bd102a103da95ff835f1145a3f1b43c134a82bd6eb45a872aaf802"
> 
"0xbff666b9a568e33c34f61dec3f0042e22f378843c8f2b2944efc389eb09c451e"
> 
"0x4d79f38ef27a000343208dd1165243088054ac9d3eb5b524d9f3e0f564c02b61"
> 
"0x90a50e05f9205581a57a32cbeb2262deb28f1c35d797e40f7e26dc87c4d4ce6f"
> 
"0x06f1f7259351505ec365be81b0222d4357de72a94b9ab30826a4bf4d2c1b4cf7"
> 
"0xa8ee63d826b7fa925e2b431a6ccf9a9432dfa9f044a3e039c8c332ef9f340c6e"
> 
"0x109056b7cdfc85430d108779371161ab076341cdf7f1f7313b0f27eb4a717a74"
> 
"0x42ff95d6839faebd3d3ec5a1d1ddf6ba2dd476b8a1f22869b3b98b67310c1696"
> 
"0x2e70609d9615a67e30a4f5a4f9e986148fa0259c05435c19ebf0a11f1f1a1110"
> 
"0x6394ab00136aee558588aa1527edd34d0dceac5048fdbd7100f74d383f69bfc0"
> 
"0x8001a0cbcc860ff448bed3fd7c45762c6088594c168f1665db94d86273a8d026"
> 
"0x374d38bdc7c4d6119935bcc13b2aa3312f999221f135339d3a1f9482b212291f"
> 
"0x8063b0f894eac8d9afbf2d22ba09e36410b47e80b89dd4515f0e194ed908996f"
> 
"0x5ce279b970b6fd7ff59b3eb12b4d7880585639398a415ce7a647667425be5a80"
> 
"0x49f8c99e93d9a3503be88b57d2cc0270d43c63de845d20586901a5874f88d067"
> 
"0x4e03fed2a83054bfa77b97ab58e8f2177876ce528c4879d13cc0aaee85ddcd6f"
> 
"0xa13590d506b388df4516162293c80c9a5f7563bf45f711e898eb4ea542032c1f"
> 
"0x84b5bbb4a5e694e6f37a42059b5b8359e77b8e47b80b3b128320256ca2859f84"
> 
"0xced04cafaee579f6e8870a6d35490fb93e8689923cbe958977ad1fb146d3a3e6"
> 
"0xaedc551845335af4d8730e1bb9969096cfb13050a0fedc9d011bfa9c78d7a790"
> 
"0xe0705f4d737d80a40a7e79839e54b07b490a7aa5651f7c8277a057794eb3651e"
> 
"0x2fcf271d1ef15c7b9fcc71ae1234f11029cd10468a2a1aaad69c45107cc75759"
> 
"0xc990ee9e48b89ca824d4e43856fffde71a476f9a81a6665f6fb7e5c7f8a6e50d"
> 
"0x0d5824fef0621883015ba4b8baad193c21f80b11e3740015a72eeb2c908f2599"
> 
"0xe7de79a641889177b90bb240b5be1f78dc17cdca268cde12add5763fc7eb4a9c"
> 
"0x916dcc23c88e5f2e879e118d4df44ae61e9c6e1187feb6d0bd93d50ea1cfabc0"
> 
"0x08c49578854572917a6ec85e34abd0a37f985406bdc9eb15aa31d922ad24a7fa"
> 
"0xfe52510e7df447d8043a345cf75a32a1733dee5b751cc33fb628c407e99a2330"
> 
REAPCHAIN_ENV environment var not set, local will setWelcome to the Geth JavaScript console!

instance: Geth/v1.6.6-unstable-3c9d62b1/linux-amd64/go1.13.5
coinbase: 0xd6b080c02f40441232e5c97632dd5fbcc38bb5d1
at block: 30367 (Fri, 24 Apr 2020 09:46:28 KST)
 datadir: /data/ubuntu/int_geth/node4
 modules: PoDC:1.0 admin:1.0 debug:1.0 eth:1.0 miner:1.0 net:1.0 personal:1.0 rpc:1.0 txpool:1.0 web3:1.0

> 
"0xd88fe0e0fda96e7d2a3aa213a5080a297881cb004174761dea7a83a5e46bb19a"
> 
"0x67ba7d2dfc5347b9b91b6cb88ff657410a57b5112086d488558aaa7db8b0546a"
> 
"0x91a7ba9cdee6c43b3ff1f671121331633bcd1949a90a933662319506ddf1b4c6"
> 
"0x0b9d03993e93305805cee2ce94f5335a81270200995fab58d38143f14a7a2053"
> 
"0x80859298dafa1db65e7216a1dfe00edaa3d38016067fcd6fe827fd488bcb1702"
> 
"0x082870dd85bc92e8f05b1b9db56410dd1b03c9919e64e16ed89404ce566401bd"
> 
"0xa548dcb1e49ee334e687bef074dece69d77af0f64c85cca2874ed905d7c84060"
> 
"0x6825f5075eafedb61bffe04c3fe940c415a95b5011195718911f5d94d9f1bc76"
> 
"0x3929912d09c2175e4e89ce440394d48fff9fb47044376e6518642ce80b20be49"
> 
"0x0866d022d0a6207eb269563a835796a5eb5ff4f8da23c13a793f2a6f6f453a21"
> 
"0x303b693ee67674272c3a8ad9daa2ec7beba51b14f1cc15137fb7dd47285015d4"
> 
"0x57138ca1ac86dc338b1d5c1c63f483e0b8b694d47425623abafc643c89a2e818"
> 
"0xafe104574b5a7da88c77e268c180cf51f0d3dcdac9c63aee6259939b7b73ddc3"
> 
"0x59a38ec3e607de5581f0812a82cd55f897227d6a446888cfa3b5ad6338cce12f"
> 
"0xae556bd04b514b64b66845b2b933723d676715a43c8e511722c6ccc769c39df2"
> 
"0x6f34c2420520603687a9675baad7b2eedca2545436ac6f01e50580d73ef6df0f"
> 
"0xe945b43319376a392f2f46fd359b7321778499e67e412bcc304b83fa54e2a19a"
> 
"0xb58040d36cac50c811b7431221271066883dbaee4199e562b4b4b69e108f76ee"
> 
"0x2a5b8ae64c301fb97580e59485fe6d4720948fa585a730ea0adbe400ae09e46f"
> 
"0xf118ce29cd7f8bcd1a0d987c9e0963ad296330f439fd672a4646144f16fb2de0"
> 
"0x3c63d4fb58f246568ec20fce725b39c3bcce422c0454e183a403f274e0cdaeaf"
> 
"0x2ad28c622f311f4b1c61751995fd545c5a53958aac777c98e204e83389568fe8"
> 
"0x6e54ae081c3333d889730f96d48d9d5a13d497b9528c3854b2a3c385e1527861"
> 
"0x4a9b60862d9ab2dd20ed87d4c164293776b7574cdc65fad1e4723a5c10b81e3d"
> 
"0x2c24c3add5a2a9d1c838cc24981987b0c1b98e56199fba42953138f482a02c28"
> 
"0x6351ea158807993bc068342d337dbc5642f80f40f0b3edde872039b5ed78fbfb"
> 
"0x963e1bd9a3f13f39fb4e6c9217cc4947b7305cb293362b725cc3c18eed82fea9"
> 
"0xca8aef55b0cca05b61560d742c54d318f8833e9ed965b7c6a7a88ce952df0c8e"
> 
"0x1ff78ff1670030b3ccfc22f5b4d2565de81145e714774b7470182f9f86355c0a"
> 
"0x8574d88ab47a4b6a3ca070b0b2e01f876a02b1b958fd72b88f965b8451299149"
> 
"0x84391506e3dfd99c643d123b7412e8d45794fddab0b29f1b9c3cd4b7005ecd48"
> 
"0x5139b5c5cb226ce77ab9e9a11126b2f90485d014f6e903667d36217ad5b24186"
> 
"0xccba2e53a137f35edd5c777f5d568fea1ebce1fd4941e092e822ffbf46bcc56d"
> 
"0xfb9c73b1e8a74e90f9746c57b4046d486accb35479c1b34835a500af7da54e80"
> 
"0x273b8dcc395067d08bd4e1559e747b8ad96c63882cd86045f6429e12d3976cfa"
> 
"0x13f2e086566c3962d6f041233ca5b5ff814bd1aa54fe921abb12c7843059bffb"
> 
"0x9e1a021711fb0c4001902fd520d20945a6bb8c372af9435a974938456db7b19c"
> 
"0x5e8cd73788e73f79346ddb83c4eff92ddfbd2d4537f0f89b035b945058af96eb"
> 
"0x96ad0e282180884662faf903c52b3e49b06e0a9597fe8231092e2c8a76af2e6c"
> 
"0x38fc4690cdddaba952aeae460582e6c58b39bf130c6f51b1da7f4ae8e09c2c57"
> 
"0x98020a2be1a033d24ef989ebf088c522cba1be299b9a4efe716f1181e5e7ebc5"
> 
"0x74318ab61014815ede179d80c28eb8e61f27b1327a9ffc98a9441de92bd91dd5"
> 
"0xc08eced820a9bbccfb718a5e23982a00fc6acb4bb87b9a89bc3b2e3b6e99af1e"
> 
"0xe9b9e6806be599c53b3230fd13c381ad992027d628686f20ce1ac7d5fe2932f9"
> 
"0xf24f82ae660e84b0e369af038905b8d435c6aaaa75d5809829efbffb565e7ea1"
> 
"0x70a0f0270da127cccc252b02af0f3967a84fbbc0d16429db3302032d5f46a97a"
> 
"0x7abc342402c8918dd31f95b78d93abc0bce24dbfa67987ecf171c656c2ef6895"
> 
"0xd4cc414b862b70f1a00a1ec82b744a0f32a1d2f47aaaf712fff74a8283a9bf5d"
> 
"0x07967f88ce10e4818768dae7374bb07bef393ddaaba65e4811a397b17668bd88"
> 
