===============================================================
REAPCHAIN_ENV environment var not set, local will setWelcome to the Geth JavaScript console!

instance: Geth/v1.6.6-unstable-3c9d62b1/linux-amd64/go1.13.5
coinbase: 0xd6b080c02f40441232e5c97632dd5fbcc38bb5d1
at block: 7399 (Wed, 06 May 2020 15:07:50 KST)
 datadir: /data/ubuntu/int_geth/node4
 modules: PoDC:1.0 admin:1.0 debug:1.0 eth:1.0 miner:1.0 net:1.0 personal:1.0 rpc:1.0 txpool:1.0 web3:1.0

> 
true
> 
REAPCHAIN_ENV environment var not set, local will setWelcome to the Geth JavaScript console!

instance: Geth/v1.6.6-unstable-3c9d62b1/linux-amd64/go1.13.5
coinbase: 0xd6b080c02f40441232e5c97632dd5fbcc38bb5d1
at block: 7401 (Wed, 06 May 2020 15:07:54 KST)
 datadir: /data/ubuntu/int_geth/node4
 modules: PoDC:1.0 admin:1.0 debug:1.0 eth:1.0 miner:1.0 net:1.0 personal:1.0 rpc:1.0 txpool:1.0 web3:1.0

> 
"0x94a8243b44ef48858d340f50fa8788a6cc478767cf874aa60843e50d3cbf1cd3"
> 
"0xd7f6167f562bff0aea23a7d782e8755bff227c7c4167ebb95aec4b29d5de4fee"
> 
"0x9f1d0c5f2f4f15f16a9d04b1a9dd53a7a73b6ee328fca90cc9183549687303f3"
> 
"0xbe093b63f0c5a51c6a7260a9b4cb6a11fc7fdc5f4ad5ba9b06f98d8ccb96b10a"
> 
"0x5c35933d3614800aaf447300ef43d3fa9b276a5599eb31850f19dd8e6ffda5e4"
> 
"0x13f30cd726681e2c81ce0d50ad563f2b366d28c721a6f79db8a929ba274656c9"
> 
"0x2de3faff9e1a284cf3734c995c1970a0137d96d4eacd3b8781fb9bda4454c9be"
> 
"0x31846f4574a175b4eab4703e0571d818bdf316884d3a98b62e32c3f75f5b3b34"
> 
"0x33dc2b91ebb0a9cf37d72545399f3989bcf50ca27358858fa2cb8f9b82342982"
> 
"0xd87b65c92b851f6d56dc5cf7f772432669a99114d26b27a8b79add80247d01fd"
> 
"0xc4e7743750f54cbafaf8fc965c75839b7838ace6a38e5012b7e4c4260398164c"
> 
"0x6c2f9a6ed6caef8cc370990bd42c25ad2a054c401d3bc94c698f5416c2e6320c"
> 
"0x12e59c7e519a426a5dc5628fefb18db3c620a2b2abdab0e5d76e5a8f23df7dce"
> 
"0xf5bd881685137accdb52f643e4d449a1e8bc9d2c67497f0ec30ad0217da577d7"
> 
"0x0175be85c5104f3cdcb7c93188117f45becb584006cc61a5152ca18c35ae1703"
> 
"0x6960fcf4c5e14df43511166cb3d3eec12e6fbd381b540c2211075001f142ade4"
> 
"0x6c93262c6678c482ea645477e701a19442f3151d8c924fb26947fa06d1309e81"
> 
"0xc5d4cbac59a67455a8f7db3a4b5fdb3091c9e4f7d10820a692f8fe5b31317794"
> 
"0xf506490c438f9797e8633d89720bb6fc731b43f2686cc00bfa3e89b904919d48"
> 
"0xc9da8de8d4e3dbc6e7256bb78572380b8fb1dbadce5cb5c1e1b6d1dc9b2fa3b8"
> 
"0xfc534c834704516080a7fc950caad9727bd0286c67e793fb91d79f5c3b027a43"
> 
"0x5444a735bb0e9b070957c1a1650f752c879b84fba3139f31e86c8107ddd89a2c"
> 
"0x83313bab050a9960877eb3a9f707690a76b788e126edf8c1b935641d1cc4e93e"
> 
"0x0fb6b31e152d289e8a1803a79a30cc6e8245859e8e6bdc894a6c7770e9fe3b9f"
> 
"0xe5320ad69edfb9e87ec5d373994aff8a7d4f1bce7c202495386ab718ca4297b9"
> 
"0x648424a88e2cd0c0733122b79acc11cbb3ce8f733159dad4583c30977da34c65"
> 
"0xc1752b01d5e8792236bc780dffc5c9b269d8109db15c6f383d54433d7df3b2ae"
> 
"0x0e37a97a6bd4e558f1c0196214acf6ca33b277bdc94c01c4625c678615f0aac8"
> 
"0xe57d7429c1798eb9fae983ef353f8ed7c5533fe4e58cb32216eb50928b3b921e"
> 
"0xb1eec63d51a6526dfdffa124e2d454a436f3ab0d455680e68efa6e7fa37b324f"
> 
"0x5e888e628d7338d4bb246494daf0033617f116092c87fec8585e760223918a28"
> 
"0x8cf85fd81adc54d09858d1624e78843f286e748f9ca58c51db230e76d0f8a28c"
> 
"0x1a026684e4211218b750f9ab5f92dc22b6c9e77ecf5d928c8316276da89ad7d2"
> 
"0x04f8f83be12c1e21648e5bad2b0c122bbede7367a60eb7880cd4aee2ec19fed0"
> 
"0x351dfb109a1d578010cfa43db40438fa31428d4de0a04b5b0caa1b0fe09904aa"
> 
"0x01f5268ab324824dbfb10b3b14d544a0cdcac04138edd4d9480ea150c04430c4"
> 
"0x4111305ddec1a0aa472baaff087ca96aa9528d7a9be552f9c3c085f23ac9df37"
> 
"0xf97eed4db13643b3c5c189094542c7210b29217dd2dd8e5d815b6cd6d9f2dbf5"
> 
"0xabf219998af2c9d56ed73188ce711e231f115d24909ff276a0fc6c6c8bd45123"
> 
"0x617b11c335fa0e6687c5c479b54f0b7c2c06f23fcd64f88a3810af5cbef37970"
> 
"0x5cea580c98a0182a53fbd4219574903d20368a87eb392e033c1c958ec049e523"
> 
"0x375ef6ee5e58f00511694198026021b49c3aa2d7425715c67f24378f37dd3f68"
> 
"0x7500e63709de6718172a250337872940c1aadac6e802d3d748e224e103ddeded"
> 
"0x763212391b1ebb0ccd1cc54a053c111ef4509a1d25c39d7c11c6982ca50948f0"
> 
"0x8e02a3fb5d63c1060325f7920d9facabd724baf1017035eabb02e1810c5b0f95"
> 
"0xf7c889b279612d2a88fde2fd97d601865114824e6f50d7397ac18376a478067f"
> 
"0x5e903490412a3f7c791dea58127df86a615b9cec9fe63f90f7c97b9970884901"
> 
"0x79ad810ca3e301615b2620a391d2b4191066c581a3ae664e03761baacbcb8e0a"
> 
"0x8841fd37c5513ad0edb70abcf4fa642a7f0a7cdfdff83c4265f2c8a8a7a2a07c"
> 
REAPCHAIN_ENV environment var not set, local will setWelcome to the Geth JavaScript console!

instance: Geth/v1.6.6-unstable-3c9d62b1/linux-amd64/go1.13.5
coinbase: 0xd6b080c02f40441232e5c97632dd5fbcc38bb5d1
at block: 7403 (Wed, 06 May 2020 15:07:57 KST)
 datadir: /data/ubuntu/int_geth/node4
 modules: PoDC:1.0 admin:1.0 debug:1.0 eth:1.0 miner:1.0 net:1.0 personal:1.0 rpc:1.0 txpool:1.0 web3:1.0

> 
"0xf266ae1cf8fa6a02be44d273b5672f331a5d983bd8b5b892c4999d10df4add4f"
> 
"0x671fa00b7162de2268957f8a7b24dde1b8b45e81eefa5280ff4aedf1a4144d71"
> 
"0x0d8196e3a48acdb43eca54049047b55f70218a289ef0db40a1f0a9012443d241"
> 
"0x505f6a6767b8b0cfb7d63e136d34c83b5a2f74c29c92fca3d256be87e04053b4"
> 
"0x240c6a8beab7b6134214d9e323418e33e9910ebf7e53e3e8dce582085a5e4cc8"
> 
"0x31b4bca2e86591464048fb457bdf8c60b25708d1a0b93aed021d502a5e8508a3"
> 
"0xf03029cff3ea658487f549d5a9dd10f8c0496e5bd821c8eb5e43368ed0f3dcfb"
> 
"0xc35f16bb6a048ad006155128fb24d5fc1dd072d4c35d2fdee5d733f4ef20904b"
> 
"0xb8d8a1fef7963bc02ad47c8f25557f0250ff2506c37b32b73d58dc02a63e6a6e"
> 
"0x31c6affe54954fadb6ea1b3ce44de8cef50c0a0d1c1316c75c3d249da4d9f77c"
> 
"0xf98a740a821b7915119a75e974f499eea7d885e34e1b82ec3a5d070629c25be3"
> 
"0x9e714b0f6d0d18ee6bdde286be1a8f9f6fc46f50c8d30acb49641be492b5185b"
> 
"0x358fa3123f7424636ac63730bd2c9058c735b735305f94069af4dd6a7d7f21f8"
> 
"0x51aa46e39f11eedfddaaf9bb4f612010b31ec8a382a1f8fcefeeac955d4e398b"
> 
"0x6f49deee318bbd77a3b2fa67de1b5babb82b5e0daa10175ede09bfd0c776c1bb"
> 
"0xb35dea3cb1f3b9587edfaaf7e261e7cfee30109aa73768d5fc2014a8f96befea"
> 
"0x6186b3526d80ad871e8e5cdd9d8b42674dee1250c16126ebc5741d7a1713d863"
> 
"0x283be09ece9a1e3522cf43621a5b1d34d8badce51533ef24026fc830bd0c3e1d"
> 
"0xd8ca0766ac10bf192aeee7a74b4dadf6653c2c76c45f1846b2a362ffc387b873"
> 
"0x4784e2d0841beea670825d3d1b68e2211a8c64d1b681b5983464c9ac824b7006"
> 
"0xbbc406cce69cfb82fcba61b0fc67d29f7a3099fb0294ca3b99119996edf4da40"
> 
"0x40bae2e78f4b544ea6d06b9754dcbf481f431835b759164837a7aa0b1c711451"
> 
"0x52aa9c1a9eb5187dca69a6ffd1a06030f48626e4f6bd147d20a9968d17872391"
> 
"0x59302a59832703100db10315818fc043779f8f81c5e13cd763e704551240d04b"
> 
"0x6366f3b0bc2eb69466b29d8fb6ec77226c195306257afdc612498e7a9a192ebe"
> 
"0xcbf226752928cccb9ec3773472bac7a56c3a51cdb2acc0b7defd32aebb8a0329"
> 
"0xba3d129dfd1ba9a9a921d8e83059bbd3a08af6a14d62b652a17f8ffde3c25359"
> 
"0x941e7f24c661853b50c9a761da7c33dcf22ec121e2f7f5195892d9fd0361da8f"
> 
"0xd1610cf89e32bd5ecd9093060f398b4d46df5a749c6fe273d02770c45b7f5401"
> 
"0x97ba61736a4a96de69160a62e9a54829e42b6216b528203c4053ccec58975f46"
> 
"0xf209c26c1eeb643d96540ee92dac91c461291f9da169c080ace7b3dd510e659c"
> 
"0xec361dafd7b4bceb27c5f649b7709952cfc29dc3172fdb6d17df447cedb3852f"
> 
"0xfadf055269a94220627ab5632d6b37e74caaaf801c516da60719130e67ae1215"
> 
"0x97b059d6ac1b1c4c880dc046aefee871e9513062c413c95781935a034edc0ce9"
> 
"0xcce1de2a7726287226af9d53f2dc62fd2e37ce18b48dfeba8b704e7ca947df12"
> 
"0x8fef620cb6dba1ce5586568914e28fceb96c6a6d75d92f5177137182804d49c5"
> 
"0xdf0a7ab2d0ec6fbc7f0fad0638f930dd3208d8b8e37c584114f1504e780a7a11"
> 
"0xbda9b969986b8656b2b696ba5ba3aa3401dbd5c8a6326269323674631267f15b"
> 
"0x86e5300c83a07f7e82770a6a48232c6437bdb7e4fe3e222a251cf56b6a067d1f"
> 
"0x03309c0aee4da70e376f6d8a1b2c6973949d41cb103d1e51f87a6c50e89483df"
> 
"0xaf52588cdc80fc9a3373712ecbbc4e68a8dda75b7233752e256f2ad573529a90"
> 
"0x9b302cc36cf9113234abeb4b15fc94312df59c30480ae83836a462ab8db5a25c"
> 
"0x4107aa93ff4b7c3b2f13d76235b308eeb8f1ee57a45849843478c6d2904e4bc6"
> 
"0x1afd4625f5ea53f5004f06679eea18f460861d15fe691813a82c3d7e12c8fe2a"
> 
"0x3d3b73a3ee93fed87146009440c0ebe64312bf59807d9634b867d166246b04a6"
> 
"0x26ce381587c6039577cdabd49f20fadef7023ea3fd92fe8417bafa48f5d5e2d4"
> 
"0x0d03db475480e09aa69c607c3b475acc8cd17db362b4284044f91db47cd8cfff"
> 
"0xac4b0cd3ebb40ad9d13b6e2cdd9c6ca6b6f7fcbf2e394f61e1e8282cff577cc8"
> 
"0x790de847ecd3c1cf33a700dfd3ce9c7b9031c1882eae8f1ba689f01412bd4738"
> 
