--------------------------------------------------------------
[ 1] 0x2bb9d58ab564c62b9c64f29d326a4d841871f229 :                                    1e+50   [2020-06-18 14:47:59.313]
[ 1] 0x7ec5f4c150ce72ad9bfcc3047b86de78aa481b85 :                                        0   [2020-06-18 14:47:59.446]
[ 1] 0x51c3832c78c50c1d7e5504e8a81dd36132c06e4c :                                        0   [2020-06-18 14:47:59.581]
--------------------------------------------------------------
[ 2] 0xca81cd471a007808bc15185357a96e9f09dcb394 :                                    1e+50   [2020-06-18 14:47:59.731]
[ 2] 0x61a1332e6f396c94705611a7836df5eb05e44751 :                                        0   [2020-06-18 14:47:59.859]
[ 2] 0x74403082c382200aabc040e8d8d9bd703bb57b2e :                                        0   [2020-06-18 14:47:59.992]
--------------------------------------------------------------
[ 3] 0x3f1434e81472a3bdcffaf1804e2ade2ae7c9f9dc :                                    1e+50   [2020-06-18 14:48:00.150]
[ 3] 0x378a297ed1ec36c5e5b8023189f1f3690dec2fdc :                                        0   [2020-06-18 14:48:00.279]
[ 3] 0x2f0376f09cebe1e1034dc25523e39c3b9338bd44 :                                        0   [2020-06-18 14:48:00.405]
--------------------------------------------------------------
[ 4] 0xc6a0a59f3188fc28e6aac94ba48cbba257732acb :                                    1e+50   [2020-06-18 14:48:00.557]
[ 4] 0x40e79bf15fe97fd1c9c9dd3adeceaf4aacf43f0b :                                        0   [2020-06-18 14:48:00.687]
[ 4] 0x93d81c8840dc778d1b6600f73acf4683211150a1 :                                        0   [2020-06-18 14:48:00.817]
--------------------------------------------------------------
[ 5] 0x0ab49e6d39c544cb3ec89633504c08c93fe56802 :                                    1e+50   [2020-06-18 14:48:00.967]
[ 5] 0xac3120ff5a2b00dbcd19e94007bfecfa4f0e6bc7 :                                        0   [2020-06-18 14:48:01.095]
[ 5] 0x82331f4997b8144375be036dc241563e2b6d6665 :                                        0   [2020-06-18 14:48:01.225]
--------------------------------------------------------------
[ 6] 0x9a31473d87344330179c6f58c1592ea5bd20e84b :                                    1e+50   [2020-06-18 14:48:01.377]
[ 6] 0x9abc73bf5c021e3731bd02465d548d17c75615a9 :                                        0   [2020-06-18 14:48:01.509]
[ 6] 0xaa3d14e86613fbe2b3bbc82dafc29d80c47ec2b1 :                                        0   [2020-06-18 14:48:01.643]
[ 6] 0xd6b080c02f40441232e5c97632dd5fbcc38bb5d1 :                                        0   [2020-06-18 14:48:01.771]
[ 6] 0xe10f734218c24be1d64864c25f3ae2f1d45ceda8 :                                        0   [2020-06-18 14:48:01.900]
--------------------------------------------------------------
[ 7] 0x572be5121433bfe4b75219306ab32b93ea0a95c2 :                                    1e+50   [2020-06-18 14:48:02.052]
[ 7] 0xd4c9305444b1f1100a085b946c55628df623c5d5 :                                        0   [2020-06-18 14:48:02.183]
[ 7] 0x888e4a98fdc2da22829b215e7210489a1549503a :                                        0   [2020-06-18 14:48:02.315]
[ 7] 0xa3b5ebee3e70eedda5bb2144548f86023447e1db :                                        0   [2020-06-18 14:48:02.442]
[ 7] 0x9356f10bbaeecdcec81d492fb2ff0c9bd9bdef74 :                                        0   [2020-06-18 14:48:02.574]
[ 7] 0xdd49822cfbd3c8c71e5c896f3020eaee491d9646 :                                        0   [2020-06-18 14:48:02.704]
[ 7] 0x575c48b3a39c9390e9f7ddef75c3921670deed54 :                                        0   [2020-06-18 14:48:02.840]
[ 7] 0x8aad730fc88592b69316285e37731d8075919c4f :                                        0   [2020-06-18 14:48:02.967]
[ 7] 0x017d9a33f3a96703d1769ab98eaaeaf841f6018d :                                        0   [2020-06-18 14:48:03.100]
[ 7] 0x0cfc739d3186f5f5f53bd417799ab3524bd5dd3d :                                        0   [2020-06-18 14:48:03.233]
[ 7] 0xd62fadb9e6af14b1e3a9bc6375cbf49434223ca1 :                                        0   [2020-06-18 14:48:03.370]
--------------------------------------------------------------
[ 8] 0xdff4dc7d2a16af8e046685d24276f70ed7dac466 :                                    1e+50   [2020-06-18 14:48:03.519]
[ 8] 0x23b05561936432ac8dbb37ad1e5fb862cdcef4a8 :                                        0   [2020-06-18 14:48:03.653]
[ 8] 0x591a75ed2469b48868277ce3785ea4cfd05a670c :                                        0   [2020-06-18 14:48:03.782]
--------------------------------------------------------------
[ 9] 0x7bac404f83c40d61a6a272018b2a48d8e1ac7af7 :                                    1e+50   [2020-06-18 14:48:03.942]
[ 9] 0xf77372e01b1b3be17b3f41a63faa0bb009d1927f :                                        0   [2020-06-18 14:48:04.073]
[ 9] 0xd3922e7449ad5c13b3d1c7200cd1a5ac7ae33d37 :                                        0   [2020-06-18 14:48:04.205]
--------------------------------------------------------------
[10] 0xa670532a929485b810da7a800781381da5267d2a :                                    1e+50   [2020-06-18 14:48:04.360]
[10] 0x7bb3eef8811bd2cf30e8c47d97b113b03bfb0932 :                                        0   [2020-06-18 14:48:04.493]
[10] 0x0ebdb8c49cabd7f9f865a181e3e06cbc3d16a916 :                                        0   [2020-06-18 14:48:04.619]
--------------------------------------------------------------
[11] 0xb259b5da8b0908011a8ff74078c61067e4820b4a :                                    1e+50   [2020-06-18 14:48:04.774]
[11] 0x366413d4d5ac8307d94c7b72e7e7cac2e0b4e3c8 :                                        0   [2020-06-18 14:48:04.905]
[11] 0xd2d5ee34decee1ba43e6d038dfc274dcbabd5e5b :                                        0   [2020-06-18 14:48:05.040]
--------------------------------------------------------------
[12] 0xb29ac8821b52f63d2d43f9f1612a73bd82d6466d :                                    1e+50   [2020-06-18 14:48:05.192]
[12] 0xe1dd19e22d80e10d386ac0a71e0724aa4ac9e3b3 :                                        0   [2020-06-18 14:48:05.323]
[12] 0xfaf563cf505cc9c6f200e048be18ed92e6c01c13 :                                        0   [2020-06-18 14:48:05.453]
--------------------------------------------------------------
[13] 0x0a4108b94cfac69bf0665f90534c35e637a4b6db :                                    1e+50   [2020-06-18 14:48:05.599]
[13] 0x464778ec0d36d641271c47d8cf77c56fc4782053 :                                        0   [2020-06-18 14:48:05.723]
[13] 0xd3d0eaf9bca52bb84bb9a23c8f3929bd38bd5640 :                                        0   [2020-06-18 14:48:05.849]
--------------------------------------------------------------
[14] 0x39fd383d85dac1850b4b1986d292de51df5ffe8a :                                    1e+50   [2020-06-18 14:48:05.999]
[14] 0x30ecec747fedbc05363ed318b1040d7d8b690975 :                                        0   [2020-06-18 14:48:06.130]
[14] 0x1479d485b0a2c12e6682090950037b7639acc75e :                                        0   [2020-06-18 14:48:06.265]
--------------------------------------------------------------
[15] 0xadb17ea9cb24491aa4122df254e8fd15cf03a1b4 :                                    1e+50   [2020-06-18 14:48:06.422]
[15] 0x9383b8719eaca922df75d4258b92a5593415d9d0 :                                        0   [2020-06-18 14:48:06.550]
[15] 0x78a0fac2aaa2e9644efec30f5eca02dc593b5dc6 :                                        0   [2020-06-18 14:48:06.677]
--------------------------------------------------------------
[16] 0x11e7a948ac932c93875b01857bb0da3e33d31767 :                                    1e+50   [2020-06-18 14:48:06.832]
[16] 0x8121c1d1071d0ab8fc75df74d6b18b668684d28c :                                        0   [2020-06-18 14:48:06.969]
[16] 0xa1a7157e969f022dcb67bb84ee6ef3308d91d964 :                                        0   [2020-06-18 14:48:07.099]
--------------------------------------------------------------
[17] 0xbaa3e1cba413394a41a1472d945b2ecf841e2773 :                                    1e+50   [2020-06-18 14:48:07.258]
[17] 0xcaa7229b9d7ab7cbc5c93234beeba867c0e4d88e :                                        0   [2020-06-18 14:48:07.384]
[17] 0xc7efda78b5071fb67e38cec0ed62e85e0ac191cf :                                        0   [2020-06-18 14:48:07.519]
--------------------------------------------------------------
[18] 0x04adc4af8f27cc89b3983a8db067b563a652d754 :                                    1e+50   [2020-06-18 14:48:07.670]
[18] 0x6bd26a1ae4ded90d273c767af740f1a7e27e218a :                                        0   [2020-06-18 14:48:07.805]
[18] 0xeeb583f06083d07886f6d4da3dbc98073841e1ed :                                        0   [2020-06-18 14:48:07.939]
--------------------------------------------------------------
[19] 0x792fe5de0042c0057cdf78219e140616bf540bb4 :                                    1e+50   [2020-06-18 14:48:08.091]
[19] 0x2083386826626262b484851adad1b73d90ab1e4c :                                        0   [2020-06-18 14:48:08.225]
[19] 0xd3ff133931567c04da9a0ad9bf772f443848775b :                                        0   [2020-06-18 14:48:08.353]
--------------------------------------------------------------
[20] 0x61352c526080554d2abdda28edea67fa466117ec :                                    1e+50   [2020-06-18 14:48:08.505]
[20] 0xd54fe9816ea9ee20067952fd15e6d4b7c0a535c5 :                                        0   [2020-06-18 14:48:08.634]
[20] 0xcc1c3f763aafa4ccc4e30515e124803035c9cd56 :                                        0   [2020-06-18 14:48:08.772]
--------------------------------------------------------------
[21] 0x763f920d552e4a68fefee2f0507a5a81d3c451c1 :                                    1e+50   [2020-06-18 14:48:08.922]
[21] 0x0b541b138fd0c3b9631e24dec11bd9c9b39c0464 :                                        0   [2020-06-18 14:48:09.060]
[21] 0xc269d6a05bc253379323842f41bef4c557045af8 :                                        0   [2020-06-18 14:48:09.193]
--------------------------------------------------------------
[22] 0x2a76c13cbaaff22af8264e03ecf83a98d97fc928 :                                    1e+50   [2020-06-18 14:48:09.343]
[22] 0x0d0bc938b8c608cf5e0202d122ad95392c9b70e1 :                                        0   [2020-06-18 14:48:09.476]
[22] 0x53f122895a17952a17a8ac17092a98c9ef5238cb :                                        0   [2020-06-18 14:48:09.607]
--------------------------------------------------------------
[23] 0x42e3b5616bce2533ea555ec7575778c207a557b7 :                                    1e+50   [2020-06-18 14:48:09.764]
[23] 0xa0559e0c03bce464c5277a56ea2e0532f6845b5e :                                        0   [2020-06-18 14:48:09.893]
[23] 0x0dc800d5f0eb1fae852a6d50cee1850ff4c0f033 :                                        0   [2020-06-18 14:48:10.019]
--------------------------------------------------------------
[24] 0xb2a61ec8b7cb13dd6dffd0679837e428e2a30afe :                                    1e+50   [2020-06-18 14:48:10.172]
[24] 0x983ede0d2b9d5b8548ca9db2a6852032b05ebad5 :                                        0   [2020-06-18 14:48:10.304]
[24] 0xec54b3a45db9f989df0374f2dbf7b044bcc2ece2 :                                        0   [2020-06-18 14:48:10.434]
--------------------------------------------------------------
[25] 0x2a4ecd40c125be4c747891b3de75f84968488a02 :                                    1e+50   [2020-06-18 14:48:10.587]
[25] 0x398bb1b530a4b0710131d34cd54fca7e664dece4 :                                        0   [2020-06-18 14:48:10.726]
[25] 0x3ba8f6482bcdff1752ce7347db86af710fcd3d7e :                                        0   [2020-06-18 14:48:10.859]
--------------------------------------------------------------
[26] 0x6aabffb147f9ec5f1c92421eefe473065a81f6ea :                                    1e+50   [2020-06-18 14:48:11.015]
[26] 0xef6257424d390c72dd2da6aef3e8328428eb6959 :                                        0   [2020-06-18 14:48:11.144]
[26] 0x08d2738488a2adb6df27f5de809b8c3d1270c4ca :                                        0   [2020-06-18 14:48:11.278]
--------------------------------------------------------------
[27] 0x8cb789ac85e3900f93b178dcdb0b9bb7681b45cd :                                    1e+50   [2020-06-18 14:48:11.425]
[27] 0x560cc3b8f77d273e342f33171411f140fbc9fa4a :                                        0   [2020-06-18 14:48:11.557]
[27] 0xc56844e618bf5e98460d8082563eba9ad8bde62b :                                        0   [2020-06-18 14:48:11.691]
--------------------------------------------------------------
[28] 0x94921bcbcca2027fbd7a22f7fd877c4f2b3763f1 :                                    1e+50   [2020-06-18 14:48:11.850]
[28] 0x8b0ec885bd7f909807178ebfa264b224a5e71ed0 :                                        0   [2020-06-18 14:48:11.980]
[28] 0xe9aee3ced34b5ed83c741f02026edf62288a03b7 :                                        0   [2020-06-18 14:48:12.111]
--------------------------------------------------------------
[29] 0xcfa7a30e2b3eab8c2689005a37580c2c78bd57d1 :                                    1e+50   [2020-06-18 14:48:12.272]
[29] 0x74922450152a1678c0d5caa41dee1c73d6a632dc :                                        0   [2020-06-18 14:48:12.404]
[29] 0x1ea104de4fd966488d38bb1e55d84a6e3701b1a6 :                                        0   [2020-06-18 14:48:12.534]
--------------------------------------------------------------
[30] 0xb627d53aa201d1c0d6c7fe4d9b7bd0d64a067592 :                                    1e+50   [2020-06-18 14:48:12.683]
[30] 0xc5a6d89226635cfa0b0c4ef1709e7057dc0e4291 :                                        0   [2020-06-18 14:48:12.821]
[30] 0xb5fd8f68b92b47db592daffe6acc5408326ed471 :                                        0   [2020-06-18 14:48:12.953]
--------------------------------------------------------------
[31] 0x2b833706c1eae1f2306cbee69d3ab3010d847163 :                                    1e+50   [2020-06-18 14:48:13.108]
[31] 0xd0b8503960c8432c953b187d570c2769c1e388fa :                                        0   [2020-06-18 14:48:13.235]
[31] 0x063f819274cfd19ed14ad3bbd4d5210966ef30cb :                                        0   [2020-06-18 14:48:13.365]
--------------------------------------------------------------
[32] 0xc4ca69fbd9c4e9d3dace1539a90a759de6b0e909 :                                    1e+50   [2020-06-18 14:48:13.520]
[32] 0xec7c212dd762b8f0a12466ecf1d6ec4cd8b782b6 :                                        0   [2020-06-18 14:48:13.653]
[32] 0x7f37d4e4d76a7a2eac67ee032656564684c71635 :                                        0   [2020-06-18 14:48:13.781]
--------------------------------------------------------------
[33] 0xa1ccfc87b3b159023a0090c7826f717cfe779235 :                                    1e+50   [2020-06-18 14:48:13.937]
[33] 0xe7ffd15148a328ee28bd1be27506f6b238476e54 :                                        0   [2020-06-18 14:48:14.069]
[33] 0x33c964ca2cf4be0edc7152a8d59b42dfb1837ef4 :                                        0   [2020-06-18 14:48:14.198]
--------------------------------------------------------------
[34] 0x0fff3e70855f1411ccb6f892237663d30bbac046 :                                    1e+50   [2020-06-18 14:48:14.355]
[34] 0x3f4304f4fa06740f9ffcda5b93a27d6542f77732 :                                        0   [2020-06-18 14:48:14.480]
[34] 0xb5df35bb8235c213bae980650958cdd3d3e2d701 :                                        0   [2020-06-18 14:48:14.610]
--------------------------------------------------------------
[35] 0xe84fdd36e9e6635677496f4a2eaeeb099c681ecc :                                    1e+50   [2020-06-18 14:48:14.763]
[35] 0xcc9bf933bc9e723816fe067eea58b07ab4d58161 :                                        0   [2020-06-18 14:48:14.895]
[35] 0x7b833cbdb2ba996a966e5a7adee5b59dd4f8d674 :                                        0   [2020-06-18 14:48:15.028]
--------------------------------------------------------------
[36] 0x86fa02da6c9721594aec99a37d6b0d0bdf6b6f29 :                                    1e+50   [2020-06-18 14:48:15.176]
[36] 0xc1801947f3405398339d22b93f955076b95d1725 :                                        0   [2020-06-18 14:48:15.309]
[36] 0x5a3a8584876817b089f3370a387f56f68447ee69 :                                        0   [2020-06-18 14:48:15.438]
--------------------------------------------------------------
[37] 0x547c89fc1a662b0dce8ff628c0923d4398277928 :                                    1e+50   [2020-06-18 14:48:15.591]
[37] 0x45da49530fdbc373857c2b5631b303b70c55b93d :                                        0   [2020-06-18 14:48:15.720]
[37] 0x31555e8588b61556e3e8776565433840db4bd867 :                                        0   [2020-06-18 14:48:15.854]
--------------------------------------------------------------
[38] 0x65ed4bdf4a64a86ba59e0fd47607883e881f48e3 :                                    1e+50   [2020-06-18 14:48:16.003]
[38] 0x7d5384e04486ee323aef8e340528464fdf96849b :                                        0   [2020-06-18 14:48:16.141]
[38] 0xd9e418d3f8558f3c2fdf883ba18dc02daa7fc5da :                                        0   [2020-06-18 14:48:16.277]
--------------------------------------------------------------
[39] 0x2567e196dc5521208db8921090eab6be19cc5d12 :                                    1e+50   [2020-06-18 14:48:16.430]
[39] 0x886df3d033a82fe5b59d438e5716e21010a3bacd :                                        0   [2020-06-18 14:48:16.560]
[39] 0x99608158e67c2c21e78cdfce160dbf237995355f :                                        0   [2020-06-18 14:48:16.686]
--------------------------------------------------------------
[40] 0x89f21004488ab78259689c3b31ae2524db560afe :                                    1e+50   [2020-06-18 14:48:16.837]
[40] 0x33fa2e3be06e1307517bf975eeaa5222fcd194ab :                                        0   [2020-06-18 14:48:16.963]
[40] 0x1585ab0550da562234a9b77da3647c9df3250e75 :                                        0   [2020-06-18 14:48:17.092]
--------------------------------------------------------------
[41] 0xf79f49a4c4068cf0813a3c82bd75d64877283370 :                                    1e+50   [2020-06-18 14:48:17.242]
[41] 0x07ac8d33ab981feaf63e9745e1153c16d746ef3d :                                        0   [2020-06-18 14:48:17.372]
[41] 0x9d5522a7d8a609de5133e35bb0ed3ac6ea3d1bff :                                        0   [2020-06-18 14:48:17.504]
--------------------------------------------------------------
[42] 0xb9c4d92bc969febdfeae7b5121452898514313fd :                                    1e+50   [2020-06-18 14:48:17.657]
[42] 0xd7fc4c8f5c71dc0b7bbd4fbd750c06f9f0d055d9 :                                        0   [2020-06-18 14:48:17.784]
[42] 0xa427410753eeaf168fce1cd75450c37209e0fbb1 :                                        0   [2020-06-18 14:48:17.913]
--------------------------------------------------------------
[43] 0xbb6d81e6d5d68941b78406e68b629b2444b6f923 :                                    1e+50   [2020-06-18 14:48:18.064]
[43] 0xfb3b972de9f256255b006a802c54a40c5c3a282c :                                        0   [2020-06-18 14:48:18.192]
[43] 0xfc217bb582ea4259a42c2de9316eadcb857fca93 :                                        0   [2020-06-18 14:48:18.322]
--------------------------------------------------------------
[44] 0x93dd4f9a0252615e35e0bfa01fbcc5d1a9518907 :                                    1e+50   [2020-06-18 14:48:18.478]
[44] 0x166816a7d1f402ab84048cee56ade115a0dc9a4b :                                        0   [2020-06-18 14:48:18.604]
[44] 0xf55ad1f599d45f6c36384f30b345ed7d1f0151b3 :                                        0   [2020-06-18 14:48:18.734]
--------------------------------------------------------------
[45] 0x4acbe2a3a7a4c8febf08f1e9c88fdfacfac40477 :                                    1e+50   [2020-06-18 14:48:18.885]
[45] 0xc6a7f71eee8f13ac1f20d254e4e462af5f2e68b9 :                                        0   [2020-06-18 14:48:19.030]
[45] 0xc4625ac0a598e34307c6bf48fc84f0cb83797144 :                                        0   [2020-06-18 14:48:19.168]
--------------------------------------------------------------
[46] 0x73720b152f5b3131bf582985c723536766622a19 :                                    1e+50   [2020-06-18 14:48:19.319]
[46] 0x596d50d1fc9ce76a13147be5461c81d166e72cd7 :                                        0   [2020-06-18 14:48:19.453]
[46] 0xe9adcdd3a5bfe9735c043832b5680f191da774ce :                                        0   [2020-06-18 14:48:19.587]
--------------------------------------------------------------
[47] 0x496b0af6a5cf8e6a9e7daa5c56073a49fb1d7793 :                                    1e+50   [2020-06-18 14:48:19.740]
[47] 0x09fb6248066b991b6e4103382178935c23485e6e :                                        0   [2020-06-18 14:48:19.873]
[47] 0xefdc60725c988b3c90f70b3771401e73bed5bec5 :                                        0   [2020-06-18 14:48:20.005]
--------------------------------------------------------------
[48] 0x5b8a91dd87949b7ab45a5713d8d93a501f148633 :                                    1e+50   [2020-06-18 14:48:20.158]
[48] 0x4dc204f6f29bc20aef55ec9c45d0caf5e6271dd0 :                                        0   [2020-06-18 14:48:20.298]
[48] 0x973831d313eceb4b1110b02f3c1f32626f7e5f60 :                                        0   [2020-06-18 14:48:20.432]
--------------------------------------------------------------
[49] 0x495924077deacddf621f3218b7a64adfc1a55265 :                                    1e+50   [2020-06-18 14:48:20.585]
[49] 0x6b430149702dd79c30f301803a856d3c3b2bfca9 :                                        0   [2020-06-18 14:48:20.712]
[49] 0x68f8d1998ce845e5eac74e6036eed54929bc45c8 :                                        0   [2020-06-18 14:48:20.841]
